[T 09:20:52 1897568] CodeQL CLI version 2.16.0
[T 09:20:52 1897568] Initializing tracer.
[T 09:20:52 1897568] Initializing tags.
[T 09:20:52 1897568] ID set to 00000000001CF460_0000000000000001 (parent root)
[T 09:20:52 1897568] Initializing tracer.
[T 09:20:52 1897568] Initializing tags.
[T 09:20:52 1897568] ID set to 00000000001CF460_0000000000000002 (parent root)
[T 09:20:52 1897568] ==== Candidate to intercept: /home/dso501/tools/codeql/go/tools/autobuild.sh (canonical: /home/dso501/tools/codeql/go/tools/autobuild.sh) ====
[T 09:20:52 1897568] Executing the following tracer actions:
[T 09:20:52 1897568] Tracer actions:
[T 09:20:52 1897568] pre_invocations(0)
[T 09:20:52 1897568] post_invocations(0)
[T 09:20:52 1897568] trace_languages(1): [go]
[T 09:20:52 1897568] Initializing tracer.
[T 09:20:52 1897568] Initializing tags.
[T 09:20:52 1897568] ID set to 00000000001CF460_0000000000000003 (parent 00000000001CF460_0000000000000002)
[T 09:20:52 1897572] Initializing tracer.
[T 09:20:52 1897572] Initializing tags.
[T 09:20:52 1897572] ID set to 00000000001CF464_0000000000000001 (parent 00000000001CF460_0000000000000003)
[T 09:20:52 1897572] ==== Candidate to intercept: /home/dso501/tools/codeql/go/tools/linux64/go-autobuilder (canonical: /home/dso501/tools/codeql/go/tools/linux64/go-autobuilder) ====
[T 09:20:52 1897572] Lua: === Intercepted call to /home/dso501/tools/codeql/go/tools/linux64/go-autobuilder ===
[T 09:20:52 1897572] Lua: Disabling tracing for language go.
[T 09:20:52 1897572] Executing the following tracer actions:
[T 09:20:52 1897572] Tracer actions:
[T 09:20:52 1897572] pre_invocations(0)
[T 09:20:52 1897572] post_invocations(0)
[T 09:20:52 1897572] trace_languages(0): []
[T 09:20:52 1897572] Disabling tracing for this command.
