[2025-12-01 09:22:32] This is codeql database create codeql-db-js --language=javascript --source-root=./front-end --overwrite
[2025-12-01 09:22:32] Log file was started late.
[2025-12-01 09:22:32] [PROGRESS] database create> Initializing database at /home/dso501/Sistem-Bioskop/codeql-db-js.
[2025-12-01 09:22:32] Running plumbing command: codeql database init --overwrite --language=javascript --extractor-options-verbosity=1 --qlconfig-file=/home/dso501/Sistem-Bioskop/qlconfig.yml --source-root=/home/dso501/Sistem-Bioskop/front-end --allow-missing-source-root=false --allow-already-existing -- /home/dso501/Sistem-Bioskop/codeql-db-js
[2025-12-01 09:22:32] Calling plumbing command: codeql resolve languages --extractor-options-verbosity=1 --format=betterjson
[2025-12-01 09:22:32] [DETAILS] resolve languages> Scanning for [codeql-extractor.yml] from /home/dso501/tools/codeql/.codeqlmanifest.json
[2025-12-01 09:22:32] [DETAILS] resolve languages> Parsing /home/dso501/tools/codeql/yaml/codeql-extractor.yml.
[2025-12-01 09:22:33] [DETAILS] resolve languages> Parsing /home/dso501/tools/codeql/javascript/codeql-extractor.yml.
[2025-12-01 09:22:33] [DETAILS] resolve languages> Parsing /home/dso501/tools/codeql/csv/codeql-extractor.yml.
[2025-12-01 09:22:33] [DETAILS] resolve languages> Parsing /home/dso501/tools/codeql/cpp/codeql-extractor.yml.
[2025-12-01 09:22:33] [DETAILS] resolve languages> Parsing /home/dso501/tools/codeql/swift/codeql-extractor.yml.
[2025-12-01 09:22:33] [DETAILS] resolve languages> Parsing /home/dso501/tools/codeql/properties/codeql-extractor.yml.
[2025-12-01 09:22:33] [DETAILS] resolve languages> Parsing /home/dso501/tools/codeql/ruby/codeql-extractor.yml.
[2025-12-01 09:22:33] [DETAILS] resolve languages> Parsing /home/dso501/tools/codeql/html/codeql-extractor.yml.
[2025-12-01 09:22:33] [DETAILS] resolve languages> Parsing /home/dso501/tools/codeql/python/codeql-extractor.yml.
[2025-12-01 09:22:33] [DETAILS] resolve languages> Parsing /home/dso501/tools/codeql/csharp/codeql-extractor.yml.
[2025-12-01 09:22:33] [DETAILS] resolve languages> Parsing /home/dso501/tools/codeql/go/codeql-extractor.yml.
[2025-12-01 09:22:33] [DETAILS] resolve languages> Parsing /home/dso501/tools/codeql/xml/codeql-extractor.yml.
[2025-12-01 09:22:33] [DETAILS] resolve languages> Parsing /home/dso501/tools/codeql/java/codeql-extractor.yml.
[2025-12-01 09:22:33] Plumbing command codeql resolve languages completed:
                      {
                        "aliases" : {
                          "c" : "cpp",
                          "c++" : "cpp",
                          "c-c++" : "cpp",
                          "c-cpp" : "cpp",
                          "c#" : "csharp",
                          "java-kotlin" : "java",
                          "kotlin" : "java",
                          "javascript-typescript" : "javascript",
                          "typescript" : "javascript"
                        },
                        "extractors" : {
                          "yaml" : [
                            {
                              "extractor_root" : "/home/dso501/tools/codeql/yaml"
                            }
                          ],
                          "javascript" : [
                            {
                              "extractor_root" : "/home/dso501/tools/codeql/javascript",
                              "extractor_options" : {
                                "skip_types" : {
                                  "title" : "Skip type extraction for TypeScript",
                                  "description" : "Whether to skip the extraction of types in a TypeScript application",
                                  "type" : "string",
                                  "pattern" : "^(false|true)$"
                                }
                              }
                            }
                          ],
                          "csv" : [
                            {
                              "extractor_root" : "/home/dso501/tools/codeql/csv"
                            }
                          ],
                          "cpp" : [
                            {
                              "extractor_root" : "/home/dso501/tools/codeql/cpp",
                              "extractor_options" : { }
                            }
                          ],
                          "swift" : [
                            {
                              "extractor_root" : "/home/dso501/tools/codeql/swift"
                            }
                          ],
                          "properties" : [
                            {
                              "extractor_root" : "/home/dso501/tools/codeql/properties"
                            }
                          ],
                          "ruby" : [
                            {
                              "extractor_root" : "/home/dso501/tools/codeql/ruby",
                              "extractor_options" : {
                                "trap" : {
                                  "title" : "Options pertaining to TRAP.",
                                  "description" : "Options pertaining to TRAP.",
                                  "type" : "object",
                                  "properties" : {
                                    "compression" : {
                                      "title" : "Controls compression for the TRAP files written by the extractor.",
                                      "description" : "This option is only intended for use in debugging the extractor. Accepted values are 'gzip' (the default, to write gzip-compressed TRAP) and 'none' (to write uncompressed TRAP).\n",
                                      "type" : "string",
                                      "pattern" : "^(none|gzip)$"
                                    }
                                  }
                                }
                              }
                            }
                          ],
                          "html" : [
                            {
                              "extractor_root" : "/home/dso501/tools/codeql/html"
                            }
                          ],
                          "python" : [
                            {
                              "extractor_root" : "/home/dso501/tools/codeql/python",
                              "extractor_options" : {
                                "logging" : {
                                  "title" : "Options pertaining to logging.",
                                  "description" : "Options pertaining to logging.",
                                  "type" : "object",
                                  "properties" : {
                                    "verbosity" : {
                                      "title" : "Python extractor logging verbosity level.",
                                      "description" : "Controls the level of verbosity of the CodeQL Python extractor.\nThe supported levels are (in order of increasing verbosity):\n\n  - off\n  - errors\n  - warnings\n  - info or progress\n  - debug or progress+\n  - trace or progress++\n  - progress+++\n",
                                      "type" : "string",
                                      "pattern" : "^(off|errors|warnings|(info|progress)|(debug|progress\\+)|(trace|progress\\+\\+)|progress\\+\\+\\+)$"
                                    }
                                  }
                                }
                              }
                            }
                          ],
                          "csharp" : [
                            {
                              "extractor_root" : "/home/dso501/tools/codeql/csharp",
                              "extractor_options" : {
                                "trap" : {
                                  "title" : "Options pertaining to TRAP.",
                                  "description" : "Options pertaining to TRAP.",
                                  "type" : "object",
                                  "properties" : {
                                    "compression" : {
                                      "title" : "Controls compression for the TRAP files written by the extractor.",
                                      "description" : "This option is only intended for use in debugging the extractor. Accepted values are 'brotli' (the default, to write brotli-compressed TRAP), 'gzip', and 'none' (to write uncompressed TRAP).\n",
                                      "type" : "string",
                                      "pattern" : "^(none|gzip|brotli)$"
                                    }
                                  }
                                },
                                "buildless" : {
                                  "title" : "Whether to use buildless (standalone) extraction.",
                                  "description" : "A value indicating, which type of extraction the autobuilder should perform. If 'true', then the standalone extractor will be used, otherwise tracing extraction will be performed. The default is 'false'. Note that buildless extraction will generally yield less accurate analysis results, and should only be used in cases where it is not possible to build the code (for example if it uses inaccessible dependencies).\n",
                                  "type" : "string",
                                  "pattern" : "^(false|true)$"
                                },
                                "cil" : {
                                  "title" : "Whether to enable CIL extraction.",
                                  "description" : "A value indicating, whether CIL extraction should be enabled. The default is 'true'.\n",
                                  "type" : "string",
                                  "pattern" : "^(false|true)$"
                                }
                              }
                            }
                          ],
                          "go" : [
                            {
                              "extractor_root" : "/home/dso501/tools/codeql/go"
                            }
                          ],
                          "xml" : [
                            {
                              "extractor_root" : "/home/dso501/tools/codeql/xml"
                            }
                          ],
                          "java" : [
                            {
                              "extractor_root" : "/home/dso501/tools/codeql/java",
                              "extractor_options" : {
                                "exclude" : {
                                  "title" : "A glob excluding files from analysis.",
                                  "description" : "A glob indicating what files to exclude from the analysis.\n",
                                  "type" : "string"
                                },
                                "add_prefer_source" : {
                                  "title" : "Whether to always prefer source files over class files.",
                                  "description" : "A value indicating whether source files should be preferred over class files. If set to 'true', the extraction adds '-Xprefer:source' to the javac command line. If set to 'false', the extraction uses the default javac behavior ('-Xprefer:newer'). The default is 'true'.\n",
                                  "type" : "string",
                                  "pattern" : "^(false|true)$"
                                },
                                "buildless" : {
                                  "title" : "Whether to use buildless (standalone) extraction (experimental).",
                                  "description" : "A value indicating, which type of extraction the autobuilder should perform. If 'true', then the standalone extractor will be used, otherwise tracing extraction will be performed. The default is 'false'. Note that buildless extraction will generally yield less accurate analysis results, and should only be used in cases where it is not possible to build the code (for example if it uses inaccessible dependencies).\n",
                                  "type" : "string",
                                  "pattern" : "^(false|true)$"
                                }
                              }
                            }
                          ]
                        }
                      }
[2025-12-01 09:22:33] [PROGRESS] database init> Calculating baseline information in /home/dso501/Sistem-Bioskop/front-end
[2025-12-01 09:22:33] [SPAMMY] database init> Ignoring the following directories when processing baseline information: .git, .hg, .svn.
[2025-12-01 09:22:33] [DETAILS] database init> Running command in /home/dso501/Sistem-Bioskop/front-end: /home/dso501/tools/codeql/tools/linux64/scc --by-file --exclude-dir .git,.hg,.svn --format json --no-large --no-min .
[2025-12-01 09:22:33] Using configure-baseline script /home/dso501/tools/codeql/javascript/tools/configure-baseline.sh.
[2025-12-01 09:22:33] [PROGRESS] database init> Running command in /home/dso501/Sistem-Bioskop/front-end: [/home/dso501/tools/codeql/javascript/tools/configure-baseline.sh]
[2025-12-01 09:22:33] [SPAMMY] database init> Found 34 baseline files for javascript.
[2025-12-01 09:22:33] [PROGRESS] database init> Calculated baseline information for languages: javascript (141ms).
[2025-12-01 09:22:33] [PROGRESS] database init> Resolving extractor javascript.
[2025-12-01 09:22:33] [DETAILS] database init> Found candidate extractor root for javascript: /home/dso501/tools/codeql/javascript.
[2025-12-01 09:22:33] [PROGRESS] database init> Successfully loaded extractor JavaScript/TypeScript (javascript) from /home/dso501/tools/codeql/javascript.
[2025-12-01 09:22:33] [PROGRESS] database init> Created skeleton CodeQL database at /home/dso501/Sistem-Bioskop/codeql-db-js. This in-progress database is ready to be populated by an extractor.
[2025-12-01 09:22:33] Plumbing command codeql database init completed.
[2025-12-01 09:22:33] [PROGRESS] database create> Running build command: []
[2025-12-01 09:22:33] Running plumbing command: codeql database trace-command --working-dir=/home/dso501/Sistem-Bioskop/front-end --index-traceless-dbs --no-db-cluster -- /home/dso501/Sistem-Bioskop/codeql-db-js
[2025-12-01 09:22:33] Using autobuild script /home/dso501/tools/codeql/javascript/tools/autobuild.sh.
[2025-12-01 09:22:33] [PROGRESS] database trace-command> Running command in /home/dso501/Sistem-Bioskop/front-end: [/home/dso501/tools/codeql/javascript/tools/autobuild.sh]
[2025-12-01 09:22:33] [build-stdout] Single-threaded extraction.
[2025-12-01 09:22:33] [build-stdout] package.json: Main file not found
[2025-12-01 09:22:33] [build-stdout] Extracting /home/dso501/Sistem-Bioskop/front-end/index.html
[2025-12-01 09:22:33] [build-stdout] Done extracting /home/dso501/Sistem-Bioskop/front-end/index.html (70 ms)
[2025-12-01 09:22:33] [build-stdout] Found Node.js at: node
[2025-12-01 09:22:33] [build-stdout] Found Node.js version: v20.11.1
[2025-12-01 09:22:33] [build-stdout] Opening project /home/dso501/Sistem-Bioskop/front-end/tsconfig.json
[2025-12-01 09:22:33] [build-stdout] Memory for TypeScript process: 2000 MB, and 400 MB reserve
[2025-12-01 09:22:34] [build-stdout] Done opening project /home/dso501/Sistem-Bioskop/front-end/tsconfig.json (304 ms)
[2025-12-01 09:22:34] [build-stdout] Extracting /home/dso501/Sistem-Bioskop/front-end/src/pages/admin/master/facilities.page.tsx
[2025-12-01 09:22:34] [build-stdout] Done extracting /home/dso501/Sistem-Bioskop/front-end/src/pages/admin/master/facilities.page.tsx (274 ms)
[2025-12-01 09:22:34] [build-stdout] Extracting /home/dso501/Sistem-Bioskop/front-end/src/pages/admin/master/genres.page.tsx
[2025-12-01 09:22:34] [build-stdout] Done extracting /home/dso501/Sistem-Bioskop/front-end/src/pages/admin/master/genres.page.tsx (86 ms)
[2025-12-01 09:22:34] [build-stdout] Extracting /home/dso501/Sistem-Bioskop/front-end/src/pages/admin/admin.layout.page.tsx
[2025-12-01 09:22:34] [build-stdout] Done extracting /home/dso501/Sistem-Bioskop/front-end/src/pages/admin/admin.layout.page.tsx (35 ms)
[2025-12-01 09:22:34] [build-stdout] Extracting /home/dso501/Sistem-Bioskop/front-end/src/pages/admin/movies.page.tsx
[2025-12-01 09:22:34] [build-stdout] Done extracting /home/dso501/Sistem-Bioskop/front-end/src/pages/admin/movies.page.tsx (243 ms)
[2025-12-01 09:22:34] [build-stdout] Extracting /home/dso501/Sistem-Bioskop/front-end/src/pages/admin/promos.page.tsx
[2025-12-01 09:22:35] [build-stdout] Done extracting /home/dso501/Sistem-Bioskop/front-end/src/pages/admin/promos.page.tsx (167 ms)
[2025-12-01 09:22:35] [build-stdout] Extracting /home/dso501/Sistem-Bioskop/front-end/src/pages/admin/schedules.page.tsx
[2025-12-01 09:22:35] [build-stdout] Done extracting /home/dso501/Sistem-Bioskop/front-end/src/pages/admin/schedules.page.tsx (127 ms)
[2025-12-01 09:22:35] [build-stdout] Extracting /home/dso501/Sistem-Bioskop/front-end/src/pages/admin/users.page.tsx
[2025-12-01 09:22:35] [build-stdout] Done extracting /home/dso501/Sistem-Bioskop/front-end/src/pages/admin/users.page.tsx (44 ms)
[2025-12-01 09:22:35] [build-stdout] Extracting /home/dso501/Sistem-Bioskop/front-end/src/pages/auth/login.page.tsx
[2025-12-01 09:22:35] [build-stdout] Done extracting /home/dso501/Sistem-Bioskop/front-end/src/pages/auth/login.page.tsx (27 ms)
[2025-12-01 09:22:35] [build-stdout] Extracting /home/dso501/Sistem-Bioskop/front-end/src/pages/auth/register.page.tsx
[2025-12-01 09:22:35] [build-stdout] Done extracting /home/dso501/Sistem-Bioskop/front-end/src/pages/auth/register.page.tsx (39 ms)
[2025-12-01 09:22:35] [build-stdout] Extracting /home/dso501/Sistem-Bioskop/front-end/src/pages/movie/movie.detail.page.tsx
[2025-12-01 09:22:35] [build-stdout] Done extracting /home/dso501/Sistem-Bioskop/front-end/src/pages/movie/movie.detail.page.tsx (40 ms)
[2025-12-01 09:22:35] [build-stdout] Extracting /home/dso501/Sistem-Bioskop/front-end/src/pages/movie/movie.page.tsx
[2025-12-01 09:22:35] [build-stdout] Done extracting /home/dso501/Sistem-Bioskop/front-end/src/pages/movie/movie.page.tsx (41 ms)
[2025-12-01 09:22:35] [build-stdout] Extracting /home/dso501/Sistem-Bioskop/front-end/src/pages/orders/myorder.detail.page.tsx
[2025-12-01 09:22:35] [build-stdout] Done extracting /home/dso501/Sistem-Bioskop/front-end/src/pages/orders/myorder.detail.page.tsx (48 ms)
[2025-12-01 09:22:35] [build-stdout] Extracting /home/dso501/Sistem-Bioskop/front-end/src/pages/orders/myorder.page.tsx
[2025-12-01 09:22:35] [build-stdout] Done extracting /home/dso501/Sistem-Bioskop/front-end/src/pages/orders/myorder.page.tsx (53 ms)
[2025-12-01 09:22:35] [build-stdout] Extracting /home/dso501/Sistem-Bioskop/front-end/src/pages/orders/order.checkout.page.tsx
[2025-12-01 09:22:35] [build-stdout] Done extracting /home/dso501/Sistem-Bioskop/front-end/src/pages/orders/order.checkout.page.tsx (84 ms)
[2025-12-01 09:22:35] [build-stdout] Extracting /home/dso501/Sistem-Bioskop/front-end/src/pages/orders/order.page.tsx
[2025-12-01 09:22:35] [build-stdout] Done extracting /home/dso501/Sistem-Bioskop/front-end/src/pages/orders/order.page.tsx (56 ms)
[2025-12-01 09:22:35] [build-stdout] Extracting /home/dso501/Sistem-Bioskop/front-end/src/pages/schedule/schedule.detail.page.tsx
[2025-12-01 09:22:35] [build-stdout] Done extracting /home/dso501/Sistem-Bioskop/front-end/src/pages/schedule/schedule.detail.page.tsx (59 ms)
[2025-12-01 09:22:35] [build-stdout] Extracting /home/dso501/Sistem-Bioskop/front-end/src/pages/schedule/schedule.page.tsx
[2025-12-01 09:22:35] [build-stdout] Done extracting /home/dso501/Sistem-Bioskop/front-end/src/pages/schedule/schedule.page.tsx (55 ms)
[2025-12-01 09:22:35] [build-stdout] Extracting /home/dso501/Sistem-Bioskop/front-end/src/pages/user/profile.page.tsx
[2025-12-01 09:22:35] [build-stdout] Done extracting /home/dso501/Sistem-Bioskop/front-end/src/pages/user/profile.page.tsx (37 ms)
[2025-12-01 09:22:35] [build-stdout] Extracting /home/dso501/Sistem-Bioskop/front-end/src/components/layout.component.tsx
[2025-12-01 09:22:35] [build-stdout] Done extracting /home/dso501/Sistem-Bioskop/front-end/src/components/layout.component.tsx (36 ms)
[2025-12-01 09:22:35] [build-stdout] Extracting /home/dso501/Sistem-Bioskop/front-end/src/components/modal.component.tsx
[2025-12-01 09:22:35] [build-stdout] Done extracting /home/dso501/Sistem-Bioskop/front-end/src/components/modal.component.tsx (21 ms)
[2025-12-01 09:22:35] [build-stdout] Extracting /home/dso501/Sistem-Bioskop/front-end/src/components/payment.modal.tsx
[2025-12-01 09:22:35] [build-stdout] Done extracting /home/dso501/Sistem-Bioskop/front-end/src/components/payment.modal.tsx (21 ms)
[2025-12-01 09:22:35] [build-stdout] Extracting /home/dso501/Sistem-Bioskop/front-end/src/config/api.config.ts
[2025-12-01 09:22:35] [build-stdout] Done extracting /home/dso501/Sistem-Bioskop/front-end/src/config/api.config.ts (15 ms)
[2025-12-01 09:22:35] [build-stdout] Extracting /home/dso501/Sistem-Bioskop/front-end/src/contexts/auth.context.ts
[2025-12-01 09:22:35] [build-stdout] Done extracting /home/dso501/Sistem-Bioskop/front-end/src/contexts/auth.context.ts (2 ms)
[2025-12-01 09:22:35] [build-stdout] Extracting /home/dso501/Sistem-Bioskop/front-end/src/contexts/auth.provider.tsx
[2025-12-01 09:22:35] [build-stdout] Done extracting /home/dso501/Sistem-Bioskop/front-end/src/contexts/auth.provider.tsx (31 ms)
[2025-12-01 09:22:35] [build-stdout] Extracting /home/dso501/Sistem-Bioskop/front-end/src/contexts/useAuth.hook.tsx
[2025-12-01 09:22:35] [build-stdout] Done extracting /home/dso501/Sistem-Bioskop/front-end/src/contexts/useAuth.hook.tsx (3 ms)
[2025-12-01 09:22:35] [build-stdout] Extracting /home/dso501/Sistem-Bioskop/front-end/src/pages/home.page.tsx
[2025-12-01 09:22:35] [build-stdout] Done extracting /home/dso501/Sistem-Bioskop/front-end/src/pages/home.page.tsx (18 ms)
[2025-12-01 09:22:35] [build-stdout] Extracting /home/dso501/Sistem-Bioskop/front-end/src/types/model.type.ts
[2025-12-01 09:22:35] [build-stdout] Done extracting /home/dso501/Sistem-Bioskop/front-end/src/types/model.type.ts (22 ms)
[2025-12-01 09:22:35] [build-stdout] Extracting /home/dso501/Sistem-Bioskop/front-end/src/App.tsx
[2025-12-01 09:22:36] [build-stdout] Done extracting /home/dso501/Sistem-Bioskop/front-end/src/App.tsx (42 ms)
[2025-12-01 09:22:36] [build-stdout] Extracting /home/dso501/Sistem-Bioskop/front-end/src/main.tsx
[2025-12-01 09:22:36] [build-stdout] Done extracting /home/dso501/Sistem-Bioskop/front-end/src/main.tsx (6 ms)
[2025-12-01 09:22:36] [build-stdout] Extracting /home/dso501/Sistem-Bioskop/front-end/src/vite-env.d.ts
[2025-12-01 09:22:36] [build-stdout] Done extracting /home/dso501/Sistem-Bioskop/front-end/src/vite-env.d.ts (1 ms)
[2025-12-01 09:22:36] [build-stdout] Extracting /home/dso501/Sistem-Bioskop/front-end/vite.config.ts
[2025-12-01 09:22:36] [build-stdout] Done extracting /home/dso501/Sistem-Bioskop/front-end/vite.config.ts (3 ms)
[2025-12-01 09:22:36] [build-stdout] Extracting /home/dso501/Sistem-Bioskop/front-end/eslint.config.js
[2025-12-01 09:22:36] [build-stdout] Done extracting /home/dso501/Sistem-Bioskop/front-end/eslint.config.js (15 ms)
[2025-12-01 09:22:36] [build-stdout] Extracting /home/dso501/Sistem-Bioskop/front-end/package.json
[2025-12-01 09:22:36] [build-stdout] Done extracting /home/dso501/Sistem-Bioskop/front-end/package.json (3 ms)
[2025-12-01 09:22:36] [build-stdout] Extracting /home/dso501/Sistem-Bioskop/front-end/postcss.config.js
[2025-12-01 09:22:36] [build-stdout] Done extracting /home/dso501/Sistem-Bioskop/front-end/postcss.config.js (1 ms)
[2025-12-01 09:22:36] [build-stdout] Extracting /home/dso501/Sistem-Bioskop/front-end/tailwind.config.js
[2025-12-01 09:22:36] [build-stdout] Done extracting /home/dso501/Sistem-Bioskop/front-end/tailwind.config.js (6 ms)
[2025-12-01 09:22:36] [build-stdout] Extracting /home/dso501/Sistem-Bioskop/front-end/tsconfig.app.json
[2025-12-01 09:22:36] [build-stdout] Done extracting /home/dso501/Sistem-Bioskop/front-end/tsconfig.app.json (1 ms)
[2025-12-01 09:22:36] [build-stdout] Extracting /home/dso501/Sistem-Bioskop/front-end/tsconfig.json
[2025-12-01 09:22:36] [build-stdout] Done extracting /home/dso501/Sistem-Bioskop/front-end/tsconfig.json (1 ms)
[2025-12-01 09:22:36] [build-stdout] Extracting /home/dso501/Sistem-Bioskop/front-end/tsconfig.node.json
[2025-12-01 09:22:36] [build-stdout] Done extracting /home/dso501/Sistem-Bioskop/front-end/tsconfig.node.json (0 ms)
[2025-12-01 09:22:36] [build-stdout] Extracting /home/dso501/tools/codeql/javascript/tools/data/externs/nodejs/https.js
[2025-12-01 09:22:36] [build-stderr] No externs trap cache found
[2025-12-01 09:22:36] [build-stdout] Done extracting /home/dso501/tools/codeql/javascript/tools/data/externs/nodejs/https.js (27 ms)
[2025-12-01 09:22:36] [build-stdout] Extracting /home/dso501/tools/codeql/javascript/tools/data/externs/nodejs/tty.js
[2025-12-01 09:22:36] [build-stdout] Done extracting /home/dso501/tools/codeql/javascript/tools/data/externs/nodejs/tty.js (14 ms)
[2025-12-01 09:22:36] [build-stdout] Extracting /home/dso501/tools/codeql/javascript/tools/data/externs/nodejs/dns.js
[2025-12-01 09:22:36] [build-stdout] Done extracting /home/dso501/tools/codeql/javascript/tools/data/externs/nodejs/dns.js (35 ms)
[2025-12-01 09:22:36] [build-stdout] Extracting /home/dso501/tools/codeql/javascript/tools/data/externs/nodejs/v8.js
[2025-12-01 09:22:36] [build-stdout] Done extracting /home/dso501/tools/codeql/javascript/tools/data/externs/nodejs/v8.js (6 ms)
[2025-12-01 09:22:36] [build-stdout] Extracting /home/dso501/tools/codeql/javascript/tools/data/externs/nodejs/os.js
[2025-12-01 09:22:36] [build-stdout] Done extracting /home/dso501/tools/codeql/javascript/tools/data/externs/nodejs/os.js (19 ms)
[2025-12-01 09:22:36] [build-stdout] Extracting /home/dso501/tools/codeql/javascript/tools/data/externs/nodejs/timers.js
[2025-12-01 09:22:36] [build-stdout] Done extracting /home/dso501/tools/codeql/javascript/tools/data/externs/nodejs/timers.js (9 ms)
[2025-12-01 09:22:36] [build-stdout] Extracting /home/dso501/tools/codeql/javascript/tools/data/externs/nodejs/tls.js
[2025-12-01 09:22:36] [build-stdout] Done extracting /home/dso501/tools/codeql/javascript/tools/data/externs/nodejs/tls.js (37 ms)
[2025-12-01 09:22:36] [build-stdout] Extracting /home/dso501/tools/codeql/javascript/tools/data/externs/nodejs/console.js
[2025-12-01 09:22:36] [build-stdout] Done extracting /home/dso501/tools/codeql/javascript/tools/data/externs/nodejs/console.js (2 ms)
[2025-12-01 09:22:36] [build-stdout] Extracting /home/dso501/tools/codeql/javascript/tools/data/externs/nodejs/cluster.js
[2025-12-01 09:22:36] [build-stdout] Done extracting /home/dso501/tools/codeql/javascript/tools/data/externs/nodejs/cluster.js (96 ms)
[2025-12-01 09:22:36] [build-stdout] Extracting /home/dso501/tools/codeql/javascript/tools/data/externs/nodejs/assert.js
[2025-12-01 09:22:36] [build-stdout] Done extracting /home/dso501/tools/codeql/javascript/tools/data/externs/nodejs/assert.js (17 ms)
[2025-12-01 09:22:36] [build-stdout] Extracting /home/dso501/tools/codeql/javascript/tools/data/externs/nodejs/querystring.js
[2025-12-01 09:22:36] [build-stdout] Done extracting /home/dso501/tools/codeql/javascript/tools/data/externs/nodejs/querystring.js (10 ms)
[2025-12-01 09:22:36] [build-stdout] Extracting /home/dso501/tools/codeql/javascript/tools/data/externs/nodejs/http.js
[2025-12-01 09:22:36] [build-stdout] Done extracting /home/dso501/tools/codeql/javascript/tools/data/externs/nodejs/http.js (52 ms)
[2025-12-01 09:22:36] [build-stdout] Extracting /home/dso501/tools/codeql/javascript/tools/data/externs/nodejs/events.js
[2025-12-01 09:22:36] [build-stdout] Done extracting /home/dso501/tools/codeql/javascript/tools/data/externs/nodejs/events.js (10 ms)
[2025-12-01 09:22:36] [build-stdout] Extracting /home/dso501/tools/codeql/javascript/tools/data/externs/nodejs/zlib.js
[2025-12-01 09:22:36] [build-stdout] Done extracting /home/dso501/tools/codeql/javascript/tools/data/externs/nodejs/zlib.js (31 ms)
[2025-12-01 09:22:36] [build-stdout] Extracting /home/dso501/tools/codeql/javascript/tools/data/externs/nodejs/sys.js
[2025-12-01 09:22:36] [build-stdout] Done extracting /home/dso501/tools/codeql/javascript/tools/data/externs/nodejs/sys.js (2 ms)
[2025-12-01 09:22:36] [build-stdout] Extracting /home/dso501/tools/codeql/javascript/tools/data/externs/nodejs/assert_legacy.js
[2025-12-01 09:22:36] [build-stdout] Done extracting /home/dso501/tools/codeql/javascript/tools/data/externs/nodejs/assert_legacy.js (2 ms)
[2025-12-01 09:22:36] [build-stdout] Extracting /home/dso501/tools/codeql/javascript/tools/data/externs/nodejs/url.js
[2025-12-01 09:22:36] [build-stdout] Done extracting /home/dso501/tools/codeql/javascript/tools/data/externs/nodejs/url.js (9 ms)
[2025-12-01 09:22:36] [build-stdout] Extracting /home/dso501/tools/codeql/javascript/tools/data/externs/nodejs/string_decoder.js
[2025-12-01 09:22:36] [build-stdout] Done extracting /home/dso501/tools/codeql/javascript/tools/data/externs/nodejs/string_decoder.js (3 ms)
[2025-12-01 09:22:36] [build-stdout] Extracting /home/dso501/tools/codeql/javascript/tools/data/externs/nodejs/child_process.js
[2025-12-01 09:22:36] [build-stdout] Done extracting /home/dso501/tools/codeql/javascript/tools/data/externs/nodejs/child_process.js (48 ms)
[2025-12-01 09:22:36] [build-stdout] Extracting /home/dso501/tools/codeql/javascript/tools/data/externs/nodejs/process.js
[2025-12-01 09:22:36] [build-stdout] Done extracting /home/dso501/tools/codeql/javascript/tools/data/externs/nodejs/process.js (2 ms)
[2025-12-01 09:22:36] [build-stdout] Extracting /home/dso501/tools/codeql/javascript/tools/data/externs/nodejs/globals.js
[2025-12-01 09:22:36] [build-stdout] Done extracting /home/dso501/tools/codeql/javascript/tools/data/externs/nodejs/globals.js (122 ms)
[2025-12-01 09:22:36] [build-stdout] Extracting /home/dso501/tools/codeql/javascript/tools/data/externs/nodejs/buffer.js
[2025-12-01 09:22:36] [build-stdout] Done extracting /home/dso501/tools/codeql/javascript/tools/data/externs/nodejs/buffer.js (12 ms)
[2025-12-01 09:22:36] [build-stdout] Extracting /home/dso501/tools/codeql/javascript/tools/data/externs/nodejs/module.js
[2025-12-01 09:22:36] [build-stdout] Done extracting /home/dso501/tools/codeql/javascript/tools/data/externs/nodejs/module.js (6 ms)
[2025-12-01 09:22:36] [build-stdout] Extracting /home/dso501/tools/codeql/javascript/tools/data/externs/nodejs/vm.js
[2025-12-01 09:22:36] [build-stdout] Done extracting /home/dso501/tools/codeql/javascript/tools/data/externs/nodejs/vm.js (12 ms)
[2025-12-01 09:22:36] [build-stdout] Extracting /home/dso501/tools/codeql/javascript/tools/data/externs/nodejs/domain.js
[2025-12-01 09:22:36] [build-stdout] Done extracting /home/dso501/tools/codeql/javascript/tools/data/externs/nodejs/domain.js (7 ms)
[2025-12-01 09:22:36] [build-stdout] Extracting /home/dso501/tools/codeql/javascript/tools/data/externs/nodejs/util.js
[2025-12-01 09:22:36] [build-stdout] Done extracting /home/dso501/tools/codeql/javascript/tools/data/externs/nodejs/util.js (16 ms)
[2025-12-01 09:22:36] [build-stdout] Extracting /home/dso501/tools/codeql/javascript/tools/data/externs/nodejs/stream.js
[2025-12-01 09:22:36] [build-stdout] Done extracting /home/dso501/tools/codeql/javascript/tools/data/externs/nodejs/stream.js (54 ms)
[2025-12-01 09:22:36] [build-stdout] Extracting /home/dso501/tools/codeql/javascript/tools/data/externs/nodejs/net.js
[2025-12-01 09:22:36] [build-stdout] Done extracting /home/dso501/tools/codeql/javascript/tools/data/externs/nodejs/net.js (27 ms)
[2025-12-01 09:22:36] [build-stdout] Extracting /home/dso501/tools/codeql/javascript/tools/data/externs/nodejs/path.js
[2025-12-01 09:22:36] [build-stdout] Done extracting /home/dso501/tools/codeql/javascript/tools/data/externs/nodejs/path.js (19 ms)
[2025-12-01 09:22:36] [build-stdout] Extracting /home/dso501/tools/codeql/javascript/tools/data/externs/nodejs/crypto.js
[2025-12-01 09:22:36] [build-stdout] Done extracting /home/dso501/tools/codeql/javascript/tools/data/externs/nodejs/crypto.js (55 ms)
[2025-12-01 09:22:36] [build-stdout] Extracting /home/dso501/tools/codeql/javascript/tools/data/externs/nodejs/repl.js
[2025-12-01 09:22:36] [build-stdout] Done extracting /home/dso501/tools/codeql/javascript/tools/data/externs/nodejs/repl.js (7 ms)
[2025-12-01 09:22:36] [build-stdout] Extracting /home/dso501/tools/codeql/javascript/tools/data/externs/nodejs/dgram.js
[2025-12-01 09:22:36] [build-stdout] Done extracting /home/dso501/tools/codeql/javascript/tools/data/externs/nodejs/dgram.js (12 ms)
[2025-12-01 09:22:36] [build-stdout] Extracting /home/dso501/tools/codeql/javascript/tools/data/externs/nodejs/readline.js
[2025-12-01 09:22:36] [build-stdout] Done extracting /home/dso501/tools/codeql/javascript/tools/data/externs/nodejs/readline.js (13 ms)
[2025-12-01 09:22:36] [build-stdout] Extracting /home/dso501/tools/codeql/javascript/tools/data/externs/nodejs/punycode.js
[2025-12-01 09:22:36] [build-stdout] Done extracting /home/dso501/tools/codeql/javascript/tools/data/externs/nodejs/punycode.js (4 ms)
[2025-12-01 09:22:36] [build-stdout] Extracting /home/dso501/tools/codeql/javascript/tools/data/externs/nodejs/constants.js
[2025-12-01 09:22:37] [build-stdout] Done extracting /home/dso501/tools/codeql/javascript/tools/data/externs/nodejs/constants.js (93 ms)
[2025-12-01 09:22:37] [build-stdout] Extracting /home/dso501/tools/codeql/javascript/tools/data/externs/nodejs/fs.js
[2025-12-01 09:22:37] [build-stdout] Done extracting /home/dso501/tools/codeql/javascript/tools/data/externs/nodejs/fs.js (127 ms)
[2025-12-01 09:22:37] [build-stdout] Extracting /home/dso501/tools/codeql/javascript/tools/data/externs/lib/jquery-3.2.js
[2025-12-01 09:22:37] [build-stdout] Done extracting /home/dso501/tools/codeql/javascript/tools/data/externs/lib/jquery-3.2.js (124 ms)
[2025-12-01 09:22:37] [build-stdout] Extracting /home/dso501/tools/codeql/javascript/tools/data/externs/lib/bdd.js
[2025-12-01 09:22:37] [build-stdout] Done extracting /home/dso501/tools/codeql/javascript/tools/data/externs/lib/bdd.js (5 ms)
[2025-12-01 09:22:37] [build-stdout] Extracting /home/dso501/tools/codeql/javascript/tools/data/externs/lib/should.js
[2025-12-01 09:22:37] [build-stdout] Done extracting /home/dso501/tools/codeql/javascript/tools/data/externs/lib/should.js (15 ms)
[2025-12-01 09:22:37] [build-stdout] Extracting /home/dso501/tools/codeql/javascript/tools/data/externs/lib/vows.js
[2025-12-01 09:22:37] [build-stdout] Done extracting /home/dso501/tools/codeql/javascript/tools/data/externs/lib/vows.js (18 ms)
[2025-12-01 09:22:37] [build-stdout] Extracting /home/dso501/tools/codeql/javascript/tools/data/externs/es/es3.js
[2025-12-01 09:22:37] [build-stdout] Done extracting /home/dso501/tools/codeql/javascript/tools/data/externs/es/es3.js (114 ms)
[2025-12-01 09:22:37] [build-stdout] Extracting /home/dso501/tools/codeql/javascript/tools/data/externs/es/intl.js
[2025-12-01 09:22:37] [build-stdout] Done extracting /home/dso501/tools/codeql/javascript/tools/data/externs/es/intl.js (11 ms)
[2025-12-01 09:22:37] [build-stdout] Extracting /home/dso501/tools/codeql/javascript/tools/data/externs/es/proxy.js
[2025-12-01 09:22:37] [build-stdout] Done extracting /home/dso501/tools/codeql/javascript/tools/data/externs/es/proxy.js (1 ms)
[2025-12-01 09:22:37] [build-stdout] Extracting /home/dso501/tools/codeql/javascript/tools/data/externs/es/es2016.js
[2025-12-01 09:22:37] [build-stdout] Done extracting /home/dso501/tools/codeql/javascript/tools/data/externs/es/es2016.js (2 ms)
[2025-12-01 09:22:37] [build-stdout] Extracting /home/dso501/tools/codeql/javascript/tools/data/externs/es/es5.js
[2025-12-01 09:22:37] [build-stdout] Done extracting /home/dso501/tools/codeql/javascript/tools/data/externs/es/es5.js (14 ms)
[2025-12-01 09:22:37] [build-stdout] Extracting /home/dso501/tools/codeql/javascript/tools/data/externs/es/es6.js
[2025-12-01 09:22:37] [build-stdout] Done extracting /home/dso501/tools/codeql/javascript/tools/data/externs/es/es6.js (70 ms)
[2025-12-01 09:22:37] [build-stdout] Extracting /home/dso501/tools/codeql/javascript/tools/data/externs/es/es2017.js
[2025-12-01 09:22:37] [build-stdout] Done extracting /home/dso501/tools/codeql/javascript/tools/data/externs/es/es2017.js (3 ms)
[2025-12-01 09:22:37] [build-stdout] Extracting /home/dso501/tools/codeql/javascript/tools/data/externs/es/es6_collections.js
[2025-12-01 09:22:37] [build-stdout] Done extracting /home/dso501/tools/codeql/javascript/tools/data/externs/es/es6_collections.js (10 ms)
[2025-12-01 09:22:37] [build-stdout] Extracting /home/dso501/tools/codeql/javascript/tools/data/externs/web/ie_vml.js
[2025-12-01 09:22:37] [build-stdout] Done extracting /home/dso501/tools/codeql/javascript/tools/data/externs/web/ie_vml.js (3 ms)
[2025-12-01 09:22:37] [build-stdout] Extracting /home/dso501/tools/codeql/javascript/tools/data/externs/web/webstorage.js
[2025-12-01 09:22:37] [build-stdout] Done extracting /home/dso501/tools/codeql/javascript/tools/data/externs/web/webstorage.js (7 ms)
[2025-12-01 09:22:37] [build-stdout] Extracting /home/dso501/tools/codeql/javascript/tools/data/externs/web/w3c_dom1.js
[2025-12-01 09:22:37] [build-stdout] Done extracting /home/dso501/tools/codeql/javascript/tools/data/externs/web/w3c_dom1.js (41 ms)
[2025-12-01 09:22:37] [build-stdout] Extracting /home/dso501/tools/codeql/javascript/tools/data/externs/web/w3c_selectors.js
[2025-12-01 09:22:37] [build-stdout] Done extracting /home/dso501/tools/codeql/javascript/tools/data/externs/web/w3c_selectors.js (5 ms)
[2025-12-01 09:22:37] [build-stdout] Extracting /home/dso501/tools/codeql/javascript/tools/data/externs/web/w3c_range.js
[2025-12-01 09:22:37] [build-stdout] Done extracting /home/dso501/tools/codeql/javascript/tools/data/externs/web/w3c_range.js (10 ms)
[2025-12-01 09:22:37] [build-stdout] Extracting /home/dso501/tools/codeql/javascript/tools/data/externs/web/mediasource.js
[2025-12-01 09:22:37] [build-stdout] Done extracting /home/dso501/tools/codeql/javascript/tools/data/externs/web/mediasource.js (8 ms)
[2025-12-01 09:22:37] [build-stdout] Extracting /home/dso501/tools/codeql/javascript/tools/data/externs/web/gecko_xml.js
[2025-12-01 09:22:37] [build-stdout] Done extracting /home/dso501/tools/codeql/javascript/tools/data/externs/web/gecko_xml.js (2 ms)
[2025-12-01 09:22:37] [build-stdout] Extracting /home/dso501/tools/codeql/javascript/tools/data/externs/web/webkit_usercontent.js
[2025-12-01 09:22:37] [build-stdout] Done extracting /home/dso501/tools/codeql/javascript/tools/data/externs/web/webkit_usercontent.js (2 ms)
[2025-12-01 09:22:37] [build-stdout] Extracting /home/dso501/tools/codeql/javascript/tools/data/externs/web/w3c_batterystatus.js
[2025-12-01 09:22:37] [build-stdout] Done extracting /home/dso501/tools/codeql/javascript/tools/data/externs/web/w3c_batterystatus.js (2 ms)
[2025-12-01 09:22:37] [build-stdout] Extracting /home/dso501/tools/codeql/javascript/tools/data/externs/web/ie_event.js
[2025-12-01 09:22:37] [build-stdout] Done extracting /home/dso501/tools/codeql/javascript/tools/data/externs/web/ie_event.js (13 ms)
[2025-12-01 09:22:37] [build-stdout] Extracting /home/dso501/tools/codeql/javascript/tools/data/externs/web/webkit_css.js
[2025-12-01 09:22:37] [build-stdout] Done extracting /home/dso501/tools/codeql/javascript/tools/data/externs/web/webkit_css.js (57 ms)
[2025-12-01 09:22:37] [build-stdout] Extracting /home/dso501/tools/codeql/javascript/tools/data/externs/web/gecko_dom.js
[2025-12-01 09:22:37] [build-stdout] Done extracting /home/dso501/tools/codeql/javascript/tools/data/externs/web/gecko_dom.js (41 ms)
[2025-12-01 09:22:37] [build-stdout] Extracting /home/dso501/tools/codeql/javascript/tools/data/externs/web/streamsapi.js
[2025-12-01 09:22:37] [build-stdout] Done extracting /home/dso501/tools/codeql/javascript/tools/data/externs/web/streamsapi.js (19 ms)
[2025-12-01 09:22:37] [build-stdout] Extracting /home/dso501/tools/codeql/javascript/tools/data/externs/web/w3c_dom2.js
[2025-12-01 09:22:37] [build-stdout] Done extracting /home/dso501/tools/codeql/javascript/tools/data/externs/web/w3c_dom2.js (88 ms)
[2025-12-01 09:22:37] [build-stdout] Extracting /home/dso501/tools/codeql/javascript/tools/data/externs/web/w3c_indexeddb.js
[2025-12-01 09:22:37] [build-stdout] Done extracting /home/dso501/tools/codeql/javascript/tools/data/externs/web/w3c_indexeddb.js (34 ms)
[2025-12-01 09:22:37] [build-stdout] Extracting /home/dso501/tools/codeql/javascript/tools/data/externs/web/ie_css.js
[2025-12-01 09:22:37] [build-stdout] Done extracting /home/dso501/tools/codeql/javascript/tools/data/externs/web/ie_css.js (11 ms)
[2025-12-01 09:22:37] [build-stdout] Extracting /home/dso501/tools/codeql/javascript/tools/data/externs/web/w3c_device_sensor_event.js
[2025-12-01 09:22:37] [build-stdout] Done extracting /home/dso501/tools/codeql/javascript/tools/data/externs/web/w3c_device_sensor_event.js (4 ms)
[2025-12-01 09:22:37] [build-stdout] Extracting /home/dso501/tools/codeql/javascript/tools/data/externs/web/w3c_dom3.js
[2025-12-01 09:22:37] [build-stdout] Done extracting /home/dso501/tools/codeql/javascript/tools/data/externs/web/w3c_dom3.js (32 ms)
[2025-12-01 09:22:37] [build-stdout] Extracting /home/dso501/tools/codeql/javascript/tools/data/externs/web/w3c_touch_event.js
[2025-12-01 09:22:37] [build-stdout] Done extracting /home/dso501/tools/codeql/javascript/tools/data/externs/web/w3c_touch_event.js (9 ms)
[2025-12-01 09:22:37] [build-stdout] Extracting /home/dso501/tools/codeql/javascript/tools/data/externs/web/ie_dom.js
[2025-12-01 09:22:37] [build-stdout] Done extracting /home/dso501/tools/codeql/javascript/tools/data/externs/web/ie_dom.js (49 ms)
[2025-12-01 09:22:38] [build-stdout] Extracting /home/dso501/tools/codeql/javascript/tools/data/externs/web/w3c_css3d.js
[2025-12-01 09:22:38] [build-stdout] Done extracting /home/dso501/tools/codeql/javascript/tools/data/externs/web/w3c_css3d.js (8 ms)
[2025-12-01 09:22:38] [build-stdout] Extracting /home/dso501/tools/codeql/javascript/tools/data/externs/web/gecko_ext.js
[2025-12-01 09:22:38] [build-stdout] Done extracting /home/dso501/tools/codeql/javascript/tools/data/externs/web/gecko_ext.js (1 ms)
[2025-12-01 09:22:38] [build-stdout] Extracting /home/dso501/tools/codeql/javascript/tools/data/externs/web/webkit_event.js
[2025-12-01 09:22:38] [build-stdout] Done extracting /home/dso501/tools/codeql/javascript/tools/data/externs/web/webkit_event.js (1 ms)
[2025-12-01 09:22:38] [build-stdout] Extracting /home/dso501/tools/codeql/javascript/tools/data/externs/web/intl.js
[2025-12-01 09:22:38] [build-stdout] Done extracting /home/dso501/tools/codeql/javascript/tools/data/externs/web/intl.js (9 ms)
[2025-12-01 09:22:38] [build-stdout] Extracting /home/dso501/tools/codeql/javascript/tools/data/externs/web/w3c_encoding.js
[2025-12-01 09:22:38] [build-stdout] Done extracting /home/dso501/tools/codeql/javascript/tools/data/externs/web/w3c_encoding.js (2 ms)
[2025-12-01 09:22:38] [build-stdout] Extracting /home/dso501/tools/codeql/javascript/tools/data/externs/web/gecko_event.js
[2025-12-01 09:22:38] [build-stdout] Done extracting /home/dso501/tools/codeql/javascript/tools/data/externs/web/gecko_event.js (5 ms)
[2025-12-01 09:22:38] [build-stdout] Extracting /home/dso501/tools/codeql/javascript/tools/data/externs/web/w3c_gamepad.js
[2025-12-01 09:22:38] [build-stdout] Done extracting /home/dso501/tools/codeql/javascript/tools/data/externs/web/w3c_gamepad.js (3 ms)
[2025-12-01 09:22:38] [build-stdout] Extracting /home/dso501/tools/codeql/javascript/tools/data/externs/web/url.js
[2025-12-01 09:22:38] [build-stdout] Done extracting /home/dso501/tools/codeql/javascript/tools/data/externs/web/url.js (11 ms)
[2025-12-01 09:22:38] [build-stdout] Extracting /home/dso501/tools/codeql/javascript/tools/data/externs/web/webkit_dom.js
[2025-12-01 09:22:38] [build-stdout] Done extracting /home/dso501/tools/codeql/javascript/tools/data/externs/web/webkit_dom.js (15 ms)
[2025-12-01 09:22:38] [build-stdout] Extracting /home/dso501/tools/codeql/javascript/tools/data/externs/web/w3c_pointer_events.js
[2025-12-01 09:22:38] [build-stdout] Done extracting /home/dso501/tools/codeql/javascript/tools/data/externs/web/w3c_pointer_events.js (4 ms)
[2025-12-01 09:22:38] [build-stdout] Extracting /home/dso501/tools/codeql/javascript/tools/data/externs/web/w3c_anim_timing.js
[2025-12-01 09:22:38] [build-stdout] Done extracting /home/dso501/tools/codeql/javascript/tools/data/externs/web/w3c_anim_timing.js (4 ms)
[2025-12-01 09:22:38] [build-stdout] Extracting /home/dso501/tools/codeql/javascript/tools/data/externs/web/iphone.js
[2025-12-01 09:22:38] [build-stdout] Done extracting /home/dso501/tools/codeql/javascript/tools/data/externs/web/iphone.js (6 ms)
[2025-12-01 09:22:38] [build-stdout] Extracting /home/dso501/tools/codeql/javascript/tools/data/externs/web/page_visibility.js
[2025-12-01 09:22:38] [build-stdout] Done extracting /home/dso501/tools/codeql/javascript/tools/data/externs/web/page_visibility.js (1 ms)
[2025-12-01 09:22:38] [build-stdout] Extracting /home/dso501/tools/codeql/javascript/tools/data/externs/web/w3c_serviceworker.js
[2025-12-01 09:22:38] [build-stdout] Done extracting /home/dso501/tools/codeql/javascript/tools/data/externs/web/w3c_serviceworker.js (25 ms)
[2025-12-01 09:22:38] [build-stdout] Extracting /home/dso501/tools/codeql/javascript/tools/data/externs/web/w3c_midi.js
[2025-12-01 09:22:38] [build-stdout] Done extracting /home/dso501/tools/codeql/javascript/tools/data/externs/web/w3c_midi.js (18 ms)
[2025-12-01 09:22:38] [build-stdout] Extracting /home/dso501/tools/codeql/javascript/tools/data/externs/web/webkit_notifications.js
[2025-12-01 09:22:38] [build-stdout] Done extracting /home/dso501/tools/codeql/javascript/tools/data/externs/web/webkit_notifications.js (22 ms)
[2025-12-01 09:22:38] [build-stdout] Extracting /home/dso501/tools/codeql/javascript/tools/data/externs/web/w3c_geolocation.js
[2025-12-01 09:22:38] [build-stdout] Done extracting /home/dso501/tools/codeql/javascript/tools/data/externs/web/w3c_geolocation.js (13 ms)
[2025-12-01 09:22:38] [build-stdout] Extracting /home/dso501/tools/codeql/javascript/tools/data/externs/web/whatwg_encoding.js
[2025-12-01 09:22:38] [build-stdout] Done extracting /home/dso501/tools/codeql/javascript/tools/data/externs/web/whatwg_encoding.js (4 ms)
[2025-12-01 09:22:38] [build-stdout] Extracting /home/dso501/tools/codeql/javascript/tools/data/externs/web/w3c_event.js
[2025-12-01 09:22:38] [build-stdout] Done extracting /home/dso501/tools/codeql/javascript/tools/data/externs/web/w3c_event.js (27 ms)
[2025-12-01 09:22:38] [build-stdout] Extracting /home/dso501/tools/codeql/javascript/tools/data/externs/web/gecko_css.js
[2025-12-01 09:22:38] [build-stdout] Done extracting /home/dso501/tools/codeql/javascript/tools/data/externs/web/gecko_css.js (12 ms)
[2025-12-01 09:22:38] [build-stdout] Extracting /home/dso501/tools/codeql/javascript/tools/data/externs/web/w3c_permissions.js
[2025-12-01 09:22:38] [build-stdout] Done extracting /home/dso501/tools/codeql/javascript/tools/data/externs/web/w3c_permissions.js (4 ms)
[2025-12-01 09:22:38] [build-stdout] Extracting /home/dso501/tools/codeql/javascript/tools/data/externs/web/fetchapi.js
[2025-12-01 09:22:38] [build-stdout] Done extracting /home/dso501/tools/codeql/javascript/tools/data/externs/web/fetchapi.js (22 ms)
[2025-12-01 09:22:38] [build-stdout] Extracting /home/dso501/tools/codeql/javascript/tools/data/externs/web/w3c_webcrypto.js
[2025-12-01 09:22:38] [build-stdout] Done extracting /home/dso501/tools/codeql/javascript/tools/data/externs/web/w3c_webcrypto.js (18 ms)
[2025-12-01 09:22:38] [build-stdout] Extracting /home/dso501/tools/codeql/javascript/tools/data/externs/web/window.js
[2025-12-01 09:22:38] [build-stdout] Done extracting /home/dso501/tools/codeql/javascript/tools/data/externs/web/window.js (10 ms)
[2025-12-01 09:22:38] [build-stdout] Extracting /home/dso501/tools/codeql/javascript/tools/data/externs/web/w3c_elementtraversal.js
[2025-12-01 09:22:38] [build-stdout] Done extracting /home/dso501/tools/codeql/javascript/tools/data/externs/web/w3c_elementtraversal.js (9 ms)
[2025-12-01 09:22:38] [build-stdout] Extracting /home/dso501/tools/codeql/javascript/tools/data/externs/web/w3c_rtc.js
[2025-12-01 09:22:38] [build-stdout] Done extracting /home/dso501/tools/codeql/javascript/tools/data/externs/web/w3c_rtc.js (99 ms)
[2025-12-01 09:22:38] [build-stdout] Extracting /home/dso501/tools/codeql/javascript/tools/data/externs/web/w3c_navigation_timing.js
[2025-12-01 09:22:38] [build-stdout] Done extracting /home/dso501/tools/codeql/javascript/tools/data/externs/web/w3c_navigation_timing.js (14 ms)
[2025-12-01 09:22:38] [build-stdout] Extracting /home/dso501/tools/codeql/javascript/tools/data/externs/web/w3c_requestidlecallback.js
[2025-12-01 09:22:38] [build-stdout] Done extracting /home/dso501/tools/codeql/javascript/tools/data/externs/web/w3c_requestidlecallback.js (2 ms)
[2025-12-01 09:22:38] [build-stdout] Extracting /home/dso501/tools/codeql/javascript/tools/data/externs/web/w3c_dom4.js
[2025-12-01 09:22:38] [build-stdout] Done extracting /home/dso501/tools/codeql/javascript/tools/data/externs/web/w3c_dom4.js (1 ms)
[2025-12-01 09:22:38] [build-stdout] Extracting /home/dso501/tools/codeql/javascript/tools/data/externs/web/flash.js
[2025-12-01 09:22:38] [build-stdout] Done extracting /home/dso501/tools/codeql/javascript/tools/data/externs/web/flash.js (9 ms)
[2025-12-01 09:22:38] [build-stdout] Extracting /home/dso501/tools/codeql/javascript/tools/data/externs/web/w3c_css.js
[2025-12-01 09:22:38] [build-stdout] Done extracting /home/dso501/tools/codeql/javascript/tools/data/externs/web/w3c_css.js (88 ms)
[2025-12-01 09:22:38] [build-stdout] Extracting /home/dso501/tools/codeql/javascript/tools/data/externs/web/w3c_screen_orientation.js
[2025-12-01 09:22:38] [build-stdout] Done extracting /home/dso501/tools/codeql/javascript/tools/data/externs/web/w3c_screen_orientation.js (2 ms)
[2025-12-01 09:22:38] [build-stdout] Extracting /home/dso501/tools/codeql/javascript/tools/data/externs/web/fileapi.js
[2025-12-01 09:22:38] [build-stdout] Done extracting /home/dso501/tools/codeql/javascript/tools/data/externs/web/fileapi.js (39 ms)
[2025-12-01 09:22:38] [build-stdout] Extracting /home/dso501/tools/codeql/javascript/tools/data/externs/web/html5.js
[2025-12-01 09:22:38] [build-stdout] Done extracting /home/dso501/tools/codeql/javascript/tools/data/externs/web/html5.js (173 ms)
[2025-12-01 09:22:38] [build-stdout] Extracting /home/dso501/tools/codeql/javascript/tools/data/externs/web/chrome.js
[2025-12-01 09:22:38] [build-stdout] Done extracting /home/dso501/tools/codeql/javascript/tools/data/externs/web/chrome.js (38 ms)
[2025-12-01 09:22:38] [build-stdout] Extracting /home/dso501/tools/codeql/javascript/tools/data/externs/web/webgl.js
[2025-12-01 09:22:38] [build-stdout] Done extracting /home/dso501/tools/codeql/javascript/tools/data/externs/web/webgl.js (166 ms)
[2025-12-01 09:22:38] [build-stdout] Extracting /home/dso501/tools/codeql/javascript/tools/data/externs/web/w3c_event3.js
[2025-12-01 09:22:38] [build-stdout] Done extracting /home/dso501/tools/codeql/javascript/tools/data/externs/web/w3c_event3.js (3 ms)
[2025-12-01 09:22:38] [build-stdout] Extracting /home/dso501/tools/codeql/javascript/tools/data/externs/web/w3c_xml.js
[2025-12-01 09:22:38] [build-stdout] Done extracting /home/dso501/tools/codeql/javascript/tools/data/externs/web/w3c_xml.js (15 ms)
[2025-12-01 09:22:38] [build-stdout] Extracting /home/dso501/tools/codeql/javascript/tools/data/externs/vm/v8.js
[2025-12-01 09:22:38] [build-stdout] Done extracting /home/dso501/tools/codeql/javascript/tools/data/externs/vm/v8.js (4 ms)
[2025-12-01 09:22:38] [build-stdout] Extracting /home/dso501/tools/codeql/javascript/tools/data/externs/vm/rhino.js
[2025-12-01 09:22:38] [build-stdout] Done extracting /home/dso501/tools/codeql/javascript/tools/data/externs/vm/rhino.js (3 ms)
[2025-12-01 09:22:38] [build-stdout] Extracting /home/dso501/tools/codeql/javascript/tools/data/externs/vm/spidermonkey.js
[2025-12-01 09:22:38] [build-stdout] Done extracting /home/dso501/tools/codeql/javascript/tools/data/externs/vm/spidermonkey.js (1 ms)
[2025-12-01 09:22:38] [build-stdout] Extracting /home/dso501/tools/codeql/javascript/tools/data/externs/vm/jsshell.js
[2025-12-01 09:22:38] [build-stdout] Done extracting /home/dso501/tools/codeql/javascript/tools/data/externs/vm/jsshell.js (27 ms)
[2025-12-01 09:22:39] Plumbing command codeql database trace-command completed.
[2025-12-01 09:22:39] [PROGRESS] database create> Finalizing database at /home/dso501/Sistem-Bioskop/codeql-db-js.
[2025-12-01 09:22:39] Running plumbing command: codeql database finalize --mode=trim --no-db-cluster -- /home/dso501/Sistem-Bioskop/codeql-db-js
[2025-12-01 09:22:39] [PROGRESS] database finalize> Running TRAP import for CodeQL database at /home/dso501/Sistem-Bioskop/codeql-db-js...
[2025-12-01 09:22:39] Running plumbing command: codeql dataset import --dbscheme=/home/dso501/tools/codeql/javascript/semmlecode.javascript.dbscheme -- /home/dso501/Sistem-Bioskop/codeql-db-js/db-javascript /home/dso501/Sistem-Bioskop/codeql-db-js/trap/javascript
[2025-12-01 09:22:39] Clearing disk cache since the version file /home/dso501/Sistem-Bioskop/codeql-db-js/db-javascript/default/cache/version does not exist
[2025-12-01 09:22:39] Tuple pool not found. Clearing relations with cached strings
[2025-12-01 09:22:39] Trimming disk cache at /home/dso501/Sistem-Bioskop/codeql-db-js/db-javascript/default/cache in mode clear.
[2025-12-01 09:22:39] Sequence stamp origin is -5975068483102951084
[2025-12-01 09:22:39] Pausing evaluation to hard-clear memory at sequence stamp o+0
[2025-12-01 09:22:39] Unpausing evaluation
[2025-12-01 09:22:39] Pausing evaluation to quickly trim disk at sequence stamp o+1
[2025-12-01 09:22:39] Unpausing evaluation
[2025-12-01 09:22:39] Pausing evaluation to zealously trim disk at sequence stamp o+2
[2025-12-01 09:22:39] Unpausing evaluation
[2025-12-01 09:22:39] Trimming completed (9ms): Purged everything.
[2025-12-01 09:22:39] Scanning for files in /home/dso501/Sistem-Bioskop/codeql-db-js/trap/javascript
[2025-12-01 09:22:39] Found 151 TRAP files (10.07 MiB)
[2025-12-01 09:22:39] [PROGRESS] dataset import> Importing TRAP files
[2025-12-01 09:22:39] Importing eslint.config.js.trap.gz (1 of 151)
[2025-12-01 09:22:39] Importing index.html.trap.gz (2 of 151)
[2025-12-01 09:22:39] Importing package.json.trap.gz (3 of 151)
[2025-12-01 09:22:39] Importing postcss.config.js.trap.gz (4 of 151)
[2025-12-01 09:22:39] Importing App.tsx.trap.gz (5 of 151)
[2025-12-01 09:22:39] Importing layout.component.tsx.trap.gz (6 of 151)
[2025-12-01 09:22:39] Importing modal.component.tsx.trap.gz (7 of 151)
[2025-12-01 09:22:39] Importing payment.modal.tsx.trap.gz (8 of 151)
[2025-12-01 09:22:39] Importing api.config.ts.trap.gz (9 of 151)
[2025-12-01 09:22:39] Importing auth.context.ts.trap.gz (10 of 151)
[2025-12-01 09:22:39] Importing auth.provider.tsx.trap.gz (11 of 151)
[2025-12-01 09:22:39] Importing useAuth.hook.tsx.trap.gz (12 of 151)
[2025-12-01 09:22:39] Importing main.tsx.trap.gz (13 of 151)
[2025-12-01 09:22:39] Importing admin.layout.page.tsx.trap.gz (14 of 151)
[2025-12-01 09:22:39] Importing facilities.page.tsx.trap.gz (15 of 151)
[2025-12-01 09:22:39] Importing genres.page.tsx.trap.gz (16 of 151)
[2025-12-01 09:22:39] Importing movies.page.tsx.trap.gz (17 of 151)
[2025-12-01 09:22:39] Importing promos.page.tsx.trap.gz (18 of 151)
[2025-12-01 09:22:40] Importing schedules.page.tsx.trap.gz (19 of 151)
[2025-12-01 09:22:40] Importing users.page.tsx.trap.gz (20 of 151)
[2025-12-01 09:22:40] Importing login.page.tsx.trap.gz (21 of 151)
[2025-12-01 09:22:40] Importing register.page.tsx.trap.gz (22 of 151)
[2025-12-01 09:22:40] Importing home.page.tsx.trap.gz (23 of 151)
[2025-12-01 09:22:40] Importing movie.detail.page.tsx.trap.gz (24 of 151)
[2025-12-01 09:22:40] Importing movie.page.tsx.trap.gz (25 of 151)
[2025-12-01 09:22:40] Importing myorder.detail.page.tsx.trap.gz (26 of 151)
[2025-12-01 09:22:40] Importing myorder.page.tsx.trap.gz (27 of 151)
[2025-12-01 09:22:40] Importing order.checkout.page.tsx.trap.gz (28 of 151)
[2025-12-01 09:22:40] Importing order.page.tsx.trap.gz (29 of 151)
[2025-12-01 09:22:40] Importing schedule.detail.page.tsx.trap.gz (30 of 151)
[2025-12-01 09:22:40] Importing schedule.page.tsx.trap.gz (31 of 151)
[2025-12-01 09:22:40] Importing profile.page.tsx.trap.gz (32 of 151)
[2025-12-01 09:22:40] Importing model.type.ts.trap.gz (33 of 151)
[2025-12-01 09:22:40] Importing vite-env.d.ts.trap.gz (34 of 151)
[2025-12-01 09:22:40] Importing tailwind.config.js.trap.gz (35 of 151)
[2025-12-01 09:22:40] Importing tsconfig.app.json.trap.gz (36 of 151)
[2025-12-01 09:22:40] Importing tsconfig.json.codeql-typescript-typetable.trap.gz (37 of 151)
[2025-12-01 09:22:40] Importing tsconfig.json.trap.gz (38 of 151)
[2025-12-01 09:22:40] Importing tsconfig.node.json.trap.gz (39 of 151)
[2025-12-01 09:22:40] Importing vite.config.ts.trap.gz (40 of 151)
[2025-12-01 09:22:40] Importing es2016.js.trap.gz (41 of 151)
[2025-12-01 09:22:40] Importing es2017.js.trap.gz (42 of 151)
[2025-12-01 09:22:40] Importing es3.js.trap.gz (43 of 151)
[2025-12-01 09:22:40] Importing es5.js.trap.gz (44 of 151)
[2025-12-01 09:22:40] Importing es6.js.trap.gz (45 of 151)
[2025-12-01 09:22:40] Importing es6_collections.js.trap.gz (46 of 151)
[2025-12-01 09:22:40] Importing intl.js.trap.gz (47 of 151)
[2025-12-01 09:22:40] Importing proxy.js.trap.gz (48 of 151)
[2025-12-01 09:22:40] Importing bdd.js.trap.gz (49 of 151)
[2025-12-01 09:22:40] Importing jquery-3.2.js.trap.gz (50 of 151)
[2025-12-01 09:22:40] Importing should.js.trap.gz (51 of 151)
[2025-12-01 09:22:40] Importing vows.js.trap.gz (52 of 151)
[2025-12-01 09:22:40] Importing assert.js.trap.gz (53 of 151)
[2025-12-01 09:22:40] Importing assert_legacy.js.trap.gz (54 of 151)
[2025-12-01 09:22:40] Importing buffer.js.trap.gz (55 of 151)
[2025-12-01 09:22:40] Importing child_process.js.trap.gz (56 of 151)
[2025-12-01 09:22:40] Importing cluster.js.trap.gz (57 of 151)
[2025-12-01 09:22:40] Importing console.js.trap.gz (58 of 151)
[2025-12-01 09:22:40] Importing constants.js.trap.gz (59 of 151)
[2025-12-01 09:22:40] Importing crypto.js.trap.gz (60 of 151)
[2025-12-01 09:22:41] Importing dgram.js.trap.gz (61 of 151)
[2025-12-01 09:22:41] Importing dns.js.trap.gz (62 of 151)
[2025-12-01 09:22:41] Importing domain.js.trap.gz (63 of 151)
[2025-12-01 09:22:41] Importing events.js.trap.gz (64 of 151)
[2025-12-01 09:22:41] Importing fs.js.trap.gz (65 of 151)
[2025-12-01 09:22:41] Importing globals.js.trap.gz (66 of 151)
[2025-12-01 09:22:41] Importing http.js.trap.gz (67 of 151)
[2025-12-01 09:22:41] Importing https.js.trap.gz (68 of 151)
[2025-12-01 09:22:41] Importing module.js.trap.gz (69 of 151)
[2025-12-01 09:22:41] Importing net.js.trap.gz (70 of 151)
[2025-12-01 09:22:41] Importing os.js.trap.gz (71 of 151)
[2025-12-01 09:22:41] Importing path.js.trap.gz (72 of 151)
[2025-12-01 09:22:41] Importing process.js.trap.gz (73 of 151)
[2025-12-01 09:22:41] Importing punycode.js.trap.gz (74 of 151)
[2025-12-01 09:22:41] Importing querystring.js.trap.gz (75 of 151)
[2025-12-01 09:22:41] Importing readline.js.trap.gz (76 of 151)
[2025-12-01 09:22:41] Importing repl.js.trap.gz (77 of 151)
[2025-12-01 09:22:41] Importing stream.js.trap.gz (78 of 151)
[2025-12-01 09:22:41] Importing string_decoder.js.trap.gz (79 of 151)
[2025-12-01 09:22:41] Importing sys.js.trap.gz (80 of 151)
[2025-12-01 09:22:41] Importing timers.js.trap.gz (81 of 151)
[2025-12-01 09:22:41] Importing tls.js.trap.gz (82 of 151)
[2025-12-01 09:22:41] Importing tty.js.trap.gz (83 of 151)
[2025-12-01 09:22:41] Importing url.js.trap.gz (84 of 151)
[2025-12-01 09:22:41] Importing util.js.trap.gz (85 of 151)
[2025-12-01 09:22:41] Importing v8.js.trap.gz (86 of 151)
[2025-12-01 09:22:41] Importing vm.js.trap.gz (87 of 151)
[2025-12-01 09:22:41] Importing zlib.js.trap.gz (88 of 151)
[2025-12-01 09:22:41] Importing jsshell.js.trap.gz (89 of 151)
[2025-12-01 09:22:41] Importing rhino.js.trap.gz (90 of 151)
[2025-12-01 09:22:41] Importing spidermonkey.js.trap.gz (91 of 151)
[2025-12-01 09:22:41] Importing v8.js.trap.gz (92 of 151)
[2025-12-01 09:22:41] Importing chrome.js.trap.gz (93 of 151)
[2025-12-01 09:22:41] Importing fetchapi.js.trap.gz (94 of 151)
[2025-12-01 09:22:41] Importing fileapi.js.trap.gz (95 of 151)
[2025-12-01 09:22:41] Importing flash.js.trap.gz (96 of 151)
[2025-12-01 09:22:41] Importing gecko_css.js.trap.gz (97 of 151)
[2025-12-01 09:22:41] Importing gecko_dom.js.trap.gz (98 of 151)
[2025-12-01 09:22:41] Importing gecko_event.js.trap.gz (99 of 151)
[2025-12-01 09:22:41] Importing gecko_ext.js.trap.gz (100 of 151)
[2025-12-01 09:22:41] Importing gecko_xml.js.trap.gz (101 of 151)
[2025-12-01 09:22:41] Importing html5.js.trap.gz (102 of 151)
[2025-12-01 09:22:41] Importing ie_css.js.trap.gz (103 of 151)
[2025-12-01 09:22:41] Importing ie_dom.js.trap.gz (104 of 151)
[2025-12-01 09:22:41] Importing ie_event.js.trap.gz (105 of 151)
[2025-12-01 09:22:41] Importing ie_vml.js.trap.gz (106 of 151)
[2025-12-01 09:22:41] Importing intl.js.trap.gz (107 of 151)
[2025-12-01 09:22:41] Importing iphone.js.trap.gz (108 of 151)
[2025-12-01 09:22:41] Importing mediasource.js.trap.gz (109 of 151)
[2025-12-01 09:22:41] Importing page_visibility.js.trap.gz (110 of 151)
[2025-12-01 09:22:41] Importing streamsapi.js.trap.gz (111 of 151)
[2025-12-01 09:22:41] Importing url.js.trap.gz (112 of 151)
[2025-12-01 09:22:41] Importing w3c_anim_timing.js.trap.gz (113 of 151)
[2025-12-01 09:22:41] Importing w3c_batterystatus.js.trap.gz (114 of 151)
[2025-12-01 09:22:41] Importing w3c_css.js.trap.gz (115 of 151)
[2025-12-01 09:22:41] Importing w3c_css3d.js.trap.gz (116 of 151)
[2025-12-01 09:22:41] Importing w3c_device_sensor_event.js.trap.gz (117 of 151)
[2025-12-01 09:22:41] Importing w3c_dom1.js.trap.gz (118 of 151)
[2025-12-01 09:22:41] Importing w3c_dom2.js.trap.gz (119 of 151)
[2025-12-01 09:22:41] Importing w3c_dom3.js.trap.gz (120 of 151)
[2025-12-01 09:22:41] Importing w3c_dom4.js.trap.gz (121 of 151)
[2025-12-01 09:22:41] Importing w3c_elementtraversal.js.trap.gz (122 of 151)
[2025-12-01 09:22:41] Importing w3c_encoding.js.trap.gz (123 of 151)
[2025-12-01 09:22:41] Importing w3c_event.js.trap.gz (124 of 151)
[2025-12-01 09:22:41] Importing w3c_event3.js.trap.gz (125 of 151)
[2025-12-01 09:22:41] Importing w3c_gamepad.js.trap.gz (126 of 151)
[2025-12-01 09:22:41] Importing w3c_geolocation.js.trap.gz (127 of 151)
[2025-12-01 09:22:41] Importing w3c_indexeddb.js.trap.gz (128 of 151)
[2025-12-01 09:22:41] Importing w3c_midi.js.trap.gz (129 of 151)
[2025-12-01 09:22:41] Importing w3c_navigation_timing.js.trap.gz (130 of 151)
[2025-12-01 09:22:41] Importing w3c_permissions.js.trap.gz (131 of 151)
[2025-12-01 09:22:41] Importing w3c_pointer_events.js.trap.gz (132 of 151)
[2025-12-01 09:22:41] Importing w3c_range.js.trap.gz (133 of 151)
[2025-12-01 09:22:41] Importing w3c_requestidlecallback.js.trap.gz (134 of 151)
[2025-12-01 09:22:41] Importing w3c_rtc.js.trap.gz (135 of 151)
[2025-12-01 09:22:41] Importing w3c_screen_orientation.js.trap.gz (136 of 151)
[2025-12-01 09:22:41] Importing w3c_selectors.js.trap.gz (137 of 151)
[2025-12-01 09:22:41] Importing w3c_serviceworker.js.trap.gz (138 of 151)
[2025-12-01 09:22:41] Importing w3c_touch_event.js.trap.gz (139 of 151)
[2025-12-01 09:22:41] Importing w3c_webcrypto.js.trap.gz (140 of 151)
[2025-12-01 09:22:41] Importing w3c_xml.js.trap.gz (141 of 151)
[2025-12-01 09:22:41] Importing webgl.js.trap.gz (142 of 151)
[2025-12-01 09:22:42] Importing webkit_css.js.trap.gz (143 of 151)
[2025-12-01 09:22:42] Importing webkit_dom.js.trap.gz (144 of 151)
[2025-12-01 09:22:42] Importing webkit_event.js.trap.gz (145 of 151)
[2025-12-01 09:22:42] Importing webkit_notifications.js.trap.gz (146 of 151)
[2025-12-01 09:22:42] Importing webkit_usercontent.js.trap.gz (147 of 151)
[2025-12-01 09:22:42] Importing webstorage.js.trap.gz (148 of 151)
[2025-12-01 09:22:42] Importing whatwg_encoding.js.trap.gz (149 of 151)
[2025-12-01 09:22:42] Importing window.js.trap.gz (150 of 151)
[2025-12-01 09:22:42] Importing sourceLocationPrefix.trap.gz (151 of 151)
[2025-12-01 09:22:42] [PROGRESS] dataset import> Merging relations
[2025-12-01 09:22:42] Merging 1 fragment for 'files'.
[2025-12-01 09:22:42] Merged 1192 bytes (1.16 KiB) for 'files'.
[2025-12-01 09:22:42] Merging 1 fragment for 'folders'.
[2025-12-01 09:22:42] Merged 232 bytes for 'folders'.
[2025-12-01 09:22:42] Merging 1 fragment for 'containerparent'.
[2025-12-01 09:22:42] Merged 1416 bytes (1.38 KiB) for 'containerparent'.
[2025-12-01 09:22:42] Merging 3 fragments for 'locations_default'.
[2025-12-01 09:22:42] Merged 5534544 bytes (5.28 MiB) for 'locations_default'.
[2025-12-01 09:22:42] Merging 3 fragments for 'hasLocation'.
[2025-12-01 09:22:42] Merged 2278168 bytes (2.17 MiB) for 'hasLocation'.
[2025-12-01 09:22:42] Merging 1 fragment for 'extraction_data'.
[2025-12-01 09:22:42] Merged 2384 bytes (2.33 KiB) for 'extraction_data'.
[2025-12-01 09:22:42] Merging 1 fragment for 'scopes'.
[2025-12-01 09:22:42] Merged 35728 bytes (34.89 KiB) for 'scopes'.
[2025-12-01 09:22:42] Merging 1 fragment for 'indentation'.
[2025-12-01 09:22:42] Merged 474400 bytes (463.28 KiB) for 'indentation'.
[2025-12-01 09:22:42] Merging 1 fragment for 'numlines'.
[2025-12-01 09:22:42] Merged 4688 bytes (4.58 KiB) for 'numlines'.
[2025-12-01 09:22:42] Merging 2 fragments for 'tokeninfo'.
[2025-12-01 09:22:42] Merged 2332120 bytes (2.22 MiB) for 'tokeninfo'.
[2025-12-01 09:22:42] Merging 1 fragment for 'toplevels'.
[2025-12-01 09:22:42] Merged 1152 bytes (1.12 KiB) for 'toplevels'.
[2025-12-01 09:22:42] Merging 1 fragment for 'scopenodes'.
[2025-12-01 09:22:42] Merged 35720 bytes (34.88 KiB) for 'scopenodes'.
[2025-12-01 09:22:42] Merging 1 fragment for 'scopenesting'.
[2025-12-01 09:22:42] Merged 35720 bytes (34.88 KiB) for 'scopenesting'.
[2025-12-01 09:22:42] Merging 1 fragment for 'is_module'.
[2025-12-01 09:22:42] Merged 276 bytes for 'is_module'.
[2025-12-01 09:22:42] Merging 1 fragment for 'is_es2015_module'.
[2025-12-01 09:22:42] Merged 132 bytes for 'is_es2015_module'.
[2025-12-01 09:22:42] Merging 1 fragment for 'variables'.
[2025-12-01 09:22:42] Merged 133212 bytes (130.09 KiB) for 'variables'.
[2025-12-01 09:22:42] Merging 1 fragment for 'local_type_names'.
[2025-12-01 09:22:42] Merged 2988 bytes (2.92 KiB) for 'local_type_names'.
[2025-12-01 09:22:42] Merging 1 fragment for 'local_namespace_names'.
[2025-12-01 09:22:42] Merged 2628 bytes (2.57 KiB) for 'local_namespace_names'.
[2025-12-01 09:22:42] Merging 1 fragment for 'stmts'.
[2025-12-01 09:22:42] Merged 317740 bytes (310.29 KiB) for 'stmts'.
[2025-12-01 09:22:42] Merging 1 fragment for 'stmt_containers'.
[2025-12-01 09:22:42] Merged 127096 bytes (124.12 KiB) for 'stmt_containers'.
[2025-12-01 09:22:42] Merging 1 fragment for 'exprs'.
[2025-12-01 09:22:42] Merged 1515520 bytes (1.45 MiB) for 'exprs'.
[2025-12-01 09:22:42] Merging 1 fragment for 'enclosing_stmt'.
[2025-12-01 09:22:42] Merged 549984 bytes (537.09 KiB) for 'enclosing_stmt'.
[2025-12-01 09:22:42] Merging 1 fragment for 'expr_containers'.
[2025-12-01 09:22:42] Merged 611664 bytes (597.33 KiB) for 'expr_containers'.
[2025-12-01 09:22:42] Merging 1 fragment for 'literals'.
[2025-12-01 09:22:42] Merged 543888 bytes (531.14 KiB) for 'literals'.
[2025-12-01 09:22:42] Merging 1 fragment for 'regexpterm'.
[2025-12-01 09:22:42] Merged 68000 bytes (66.41 KiB) for 'regexpterm'.
[2025-12-01 09:22:42] Merging 1 fragment for 'regexp_const_value'.
[2025-12-01 09:22:42] Merged 22088 bytes (21.57 KiB) for 'regexp_const_value'.
[2025-12-01 09:22:42] Merging 1 fragment for 'decl'.
[2025-12-01 09:22:42] Merged 56208 bytes (54.89 KiB) for 'decl'.
[2025-12-01 09:22:42] Merging 1 fragment for 'typedecl'.
[2025-12-01 09:22:42] Merged 1992 bytes (1.95 KiB) for 'typedecl'.
[2025-12-01 09:22:42] Merging 1 fragment for 'namespacedecl'.
[2025-12-01 09:22:42] Merged 1752 bytes (1.71 KiB) for 'namespacedecl'.
[2025-12-01 09:22:42] Merging 1 fragment for 'bind'.
[2025-12-01 09:22:42] Merged 100496 bytes (98.14 KiB) for 'bind'.
[2025-12-01 09:22:42] Merging 1 fragment for 'array_size'.
[2025-12-01 09:22:42] Merged 2160 bytes (2.11 KiB) for 'array_size'.
[2025-12-01 09:22:42] Merging 1 fragment for 'properties'.
[2025-12-01 09:22:42] Merged 32820 bytes (32.05 KiB) for 'properties'.
[2025-12-01 09:22:42] Merging 1 fragment for 'entry_cfg_node'.
[2025-12-01 09:22:42] Merged 35064 bytes (34.24 KiB) for 'entry_cfg_node'.
[2025-12-01 09:22:42] Merging 1 fragment for 'exit_cfg_node'.
[2025-12-01 09:22:42] Merged 35064 bytes (34.24 KiB) for 'exit_cfg_node'.
[2025-12-01 09:22:42] Merging 1 fragment for 'successor'.
[2025-12-01 09:22:42] Merged 787152 bytes (768.70 KiB) for 'successor'.
[2025-12-01 09:22:42] Merging 1 fragment for 'filetype'.
[2025-12-01 09:22:42] Merged 1192 bytes (1.16 KiB) for 'filetype'.
[2025-12-01 09:22:42] Merging 1 fragment for 'extraction_time'.
[2025-12-01 09:22:42] Merged 53640 bytes (52.38 KiB) for 'extraction_time'.
[2025-12-01 09:22:42] Merging 1 fragment for 'xmlElements'.
[2025-12-01 09:22:42] Merged 200 bytes for 'xmlElements'.
[2025-12-01 09:22:42] Merging 1 fragment for 'xmllocations'.
[2025-12-01 09:22:42] Merged 176 bytes for 'xmllocations'.
[2025-12-01 09:22:42] Merging 1 fragment for 'xmlAttrs'.
[2025-12-01 09:22:42] Merged 288 bytes for 'xmlAttrs'.
[2025-12-01 09:22:42] Merging 1 fragment for 'json'.
[2025-12-01 09:22:42] Merged 1780 bytes (1.74 KiB) for 'json'.
[2025-12-01 09:22:42] Merging 1 fragment for 'json_locations'.
[2025-12-01 09:22:42] Merged 712 bytes for 'json_locations'.
[2025-12-01 09:22:42] Merging 1 fragment for 'json_literals'.
[2025-12-01 09:22:42] Merged 864 bytes for 'json_literals'.
[2025-12-01 09:22:42] Merging 1 fragment for 'json_properties'.
[2025-12-01 09:22:42] Merged 924 bytes for 'json_properties'.
[2025-12-01 09:22:42] Merging 1 fragment for 'typeexprs'.
[2025-12-01 09:22:42] Merged 13640 bytes (13.32 KiB) for 'typeexprs'.
[2025-12-01 09:22:42] Merging 1 fragment for 'namespacebind'.
[2025-12-01 09:22:42] Merged 232 bytes for 'namespacebind'.
[2025-12-01 09:22:42] Merging 1 fragment for 'is_abstract_member'.
[2025-12-01 09:22:42] Merged 860 bytes for 'is_abstract_member'.
[2025-12-01 09:22:42] Merging 1 fragment for 'is_optional_member'.
[2025-12-01 09:22:42] Merged 172 bytes for 'is_optional_member'.
[2025-12-01 09:22:42] Merging 1 fragment for 'guard_node'.
[2025-12-01 09:22:42] Merged 6552 bytes (6.40 KiB) for 'guard_node'.
[2025-12-01 09:22:42] Merging 1 fragment for 'comments'.
[2025-12-01 09:22:42] Merged 213460 bytes (208.46 KiB) for 'comments'.
[2025-12-01 09:22:42] Merging 1 fragment for 'next_token'.
[2025-12-01 09:22:42] Merged 85384 bytes (83.38 KiB) for 'next_token'.
[2025-12-01 09:22:42] Merging 1 fragment for 'is_arguments_object'.
[2025-12-01 09:22:42] Merged 15564 bytes (15.20 KiB) for 'is_arguments_object'.
[2025-12-01 09:22:42] Merging 1 fragment for 'typebind'.
[2025-12-01 09:22:42] Merged 712 bytes for 'typebind'.
[2025-12-01 09:22:42] Merging 1 fragment for 'is_async'.
[2025-12-01 09:22:42] Merged 168 bytes for 'is_async'.
[2025-12-01 09:22:42] Merging 1 fragment for 'isOptionalChaining'.
[2025-12-01 09:22:42] Merged 512 bytes for 'isOptionalChaining'.
[2025-12-01 09:22:42] Merging 1 fragment for 'has_type_keyword'.
[2025-12-01 09:22:42] Merged 64 bytes for 'has_type_keyword'.
[2025-12-01 09:22:42] Merging 1 fragment for 'is_optional_parameter_declaration'.
[2025-12-01 09:22:42] Merged 4 bytes for 'is_optional_parameter_declaration'.
[2025-12-01 09:22:42] Merging 1 fragment for 'is_greedy'.
[2025-12-01 09:22:42] Merged 64 bytes for 'is_greedy'.
[2025-12-01 09:22:42] Merging 1 fragment for 'is_capture'.
[2025-12-01 09:22:42] Merged 40 bytes for 'is_capture'.
[2025-12-01 09:22:42] Merging 1 fragment for 'is_inverted'.
[2025-12-01 09:22:42] Merged 8 bytes for 'is_inverted'.
[2025-12-01 09:22:42] Merging 1 fragment for 'char_class_escape'.
[2025-12-01 09:22:42] Merged 32 bytes for 'char_class_escape'.
[2025-12-01 09:22:42] Merging 1 fragment for 'is_computed'.
[2025-12-01 09:22:42] Merged 4 bytes for 'is_computed'.
[2025-12-01 09:22:42] Merging 1 fragment for 'jsdoc'.
[2025-12-01 09:22:42] Merged 110088 bytes (107.51 KiB) for 'jsdoc'.
[2025-12-01 09:22:42] Merging 1 fragment for 'jsdoc_tags'.
[2025-12-01 09:22:42] Merged 362460 bytes (353.96 KiB) for 'jsdoc_tags'.
[2025-12-01 09:22:42] Merging 1 fragment for 'jsdoc_errors'.
[2025-12-01 09:22:42] Merged 3216 bytes (3.14 KiB) for 'jsdoc_errors'.
[2025-12-01 09:22:42] Merging 1 fragment for 'jsdoc_tag_descriptions'.
[2025-12-01 09:22:42] Merged 27432 bytes (26.79 KiB) for 'jsdoc_tag_descriptions'.
[2025-12-01 09:22:42] Merging 1 fragment for 'jsdoc_tag_names'.
[2025-12-01 09:22:42] Merged 39352 bytes (38.43 KiB) for 'jsdoc_tag_names'.
[2025-12-01 09:22:42] Merging 1 fragment for 'jsdoc_type_exprs'.
[2025-12-01 09:22:42] Merged 464080 bytes (453.20 KiB) for 'jsdoc_type_exprs'.
[2025-12-01 09:22:42] Merging 1 fragment for 'is_externs'.
[2025-12-01 09:22:42] Merged 440 bytes for 'is_externs'.
[2025-12-01 09:22:42] Merging 1 fragment for 'jsdoc_prefix_qualifier'.
[2025-12-01 09:22:42] Merged 7192 bytes (7.02 KiB) for 'jsdoc_prefix_qualifier'.
[2025-12-01 09:22:42] Merging 1 fragment for 'jsdoc_record_field_name'.
[2025-12-01 09:22:42] Merged 5964 bytes (5.82 KiB) for 'jsdoc_record_field_name'.
[2025-12-01 09:22:42] Merging 1 fragment for 'jsdoc_has_new_parameter'.
[2025-12-01 09:22:42] Merged 28 bytes for 'jsdoc_has_new_parameter'.
[2025-12-01 09:22:42] Merging 1 fragment for 'is_nodejs'.
[2025-12-01 09:22:42] Merged 144 bytes for 'is_nodejs'.
[2025-12-01 09:22:42] Merging 1 fragment for 'sourceLocationPrefix'.
[2025-12-01 09:22:42] Merged 4 bytes for 'sourceLocationPrefix'.
[2025-12-01 09:22:42] Saving string and id pools to disk.
[2025-12-01 09:22:42] Finished importing TRAP files.
[2025-12-01 09:22:42] Read 52.65 MiB of uncompressed TRAP data.
[2025-12-01 09:22:42] Relation data size: 16.31 MiB (merge rate: 48.24 MiB/s)
[2025-12-01 09:22:42] String pool size: 4.78 MiB
[2025-12-01 09:22:42] ID pool size: 17.00 MiB
[2025-12-01 09:22:42] [PROGRESS] dataset import> Finished writing database (relations: 16.31 MiB; string pool: 4.78 MiB).
[2025-12-01 09:22:42] Pausing evaluation to close the cache at sequence stamp o+3
[2025-12-01 09:22:42] The disk cache is freshly trimmed; leave it be.
[2025-12-01 09:22:42] Unpausing evaluation
[2025-12-01 09:22:42] Plumbing command codeql dataset import completed.
[2025-12-01 09:22:42] [PROGRESS] database finalize> TRAP import complete (3.5s).
[2025-12-01 09:22:42] Running plumbing command: codeql database cleanup --mode=trim -- /home/dso501/Sistem-Bioskop/codeql-db-js
[2025-12-01 09:22:42] [PROGRESS] database cleanup> Cleaning up existing TRAP files after import...
[2025-12-01 09:22:42] [PROGRESS] database cleanup> TRAP files cleaned up (10ms).
[2025-12-01 09:22:42] [PROGRESS] database cleanup> Cleaning up scratch directory...
[2025-12-01 09:22:42] [PROGRESS] database cleanup> Scratch directory cleaned up (0ms).
[2025-12-01 09:22:42] Running plumbing command: codeql dataset cleanup --mode=trim -- /home/dso501/Sistem-Bioskop/codeql-db-js/db-javascript
[2025-12-01 09:22:42] [PROGRESS] dataset cleanup> Cleaning up dataset in /home/dso501/Sistem-Bioskop/codeql-db-js/db-javascript.
[2025-12-01 09:22:42] Trimming disk cache at /home/dso501/Sistem-Bioskop/codeql-db-js/db-javascript/default/cache in mode trim.
[2025-12-01 09:22:42] Sequence stamp origin is -5975068468016250245
[2025-12-01 09:22:42] Pausing evaluation to zealously trim disk at sequence stamp o+0
[2025-12-01 09:22:42] Unpausing evaluation
[2025-12-01 09:22:42] Trimming completed (1ms): Trimmed disposable data from cache.
[2025-12-01 09:22:42] Pausing evaluation to close the cache at sequence stamp o+1
[2025-12-01 09:22:42] The disk cache is freshly trimmed; leave it be.
[2025-12-01 09:22:42] Unpausing evaluation
[2025-12-01 09:22:42] [PROGRESS] dataset cleanup> Trimmed disposable data from cache.
[2025-12-01 09:22:42] [PROGRESS] dataset cleanup> Finalizing dataset in /home/dso501/Sistem-Bioskop/codeql-db-js/db-javascript
[2025-12-01 09:22:42] [DETAILS] dataset cleanup> Finished deleting ID pool from /home/dso501/Sistem-Bioskop/codeql-db-js/db-javascript (5ms).
[2025-12-01 09:22:42] Plumbing command codeql dataset cleanup completed.
[2025-12-01 09:22:42] Plumbing command codeql database cleanup completed with status 0.
[2025-12-01 09:22:42] [PROGRESS] database finalize> Finished zipping source archive (299.52 KiB).
[2025-12-01 09:22:42] Plumbing command codeql database finalize completed.
[2025-12-01 09:22:42] [PROGRESS] database create> Successfully created database at /home/dso501/Sistem-Bioskop/codeql-db-js.
[2025-12-01 09:22:42] Terminating normally.
