[2025-12-01 07:39:39] This is codeql database create codeql-db-js --language=javascript --source-root=./front-end --overwrite
[2025-12-01 07:39:39] Log file was started late.
[2025-12-01 07:39:39] [PROGRESS] database create> Initializing database at /home/dso501/Sistem-Bioskop/codeql-db-js.
[2025-12-01 07:39:39] Running plumbing command: codeql database init --overwrite --language=javascript --extractor-options-verbosity=1 --qlconfig-file=/home/dso501/Sistem-Bioskop/qlconfig.yml --source-root=/home/dso501/Sistem-Bioskop/front-end --allow-missing-source-root=false --allow-already-existing -- /home/dso501/Sistem-Bioskop/codeql-db-js
[2025-12-01 07:39:39] Calling plumbing command: codeql resolve languages --extractor-options-verbosity=1 --format=betterjson
[2025-12-01 07:39:39] [DETAILS] resolve languages> Scanning for [codeql-extractor.yml] from /home/dso501/tools/codeql/.codeqlmanifest.json
[2025-12-01 07:39:39] [DETAILS] resolve languages> Parsing /home/dso501/tools/codeql/yaml/codeql-extractor.yml.
[2025-12-01 07:39:39] [DETAILS] resolve languages> Parsing /home/dso501/tools/codeql/javascript/codeql-extractor.yml.
[2025-12-01 07:39:39] [DETAILS] resolve languages> Parsing /home/dso501/tools/codeql/csv/codeql-extractor.yml.
[2025-12-01 07:39:39] [DETAILS] resolve languages> Parsing /home/dso501/tools/codeql/cpp/codeql-extractor.yml.
[2025-12-01 07:39:39] [DETAILS] resolve languages> Parsing /home/dso501/tools/codeql/swift/codeql-extractor.yml.
[2025-12-01 07:39:39] [DETAILS] resolve languages> Parsing /home/dso501/tools/codeql/properties/codeql-extractor.yml.
[2025-12-01 07:39:39] [DETAILS] resolve languages> Parsing /home/dso501/tools/codeql/ruby/codeql-extractor.yml.
[2025-12-01 07:39:39] [DETAILS] resolve languages> Parsing /home/dso501/tools/codeql/html/codeql-extractor.yml.
[2025-12-01 07:39:39] [DETAILS] resolve languages> Parsing /home/dso501/tools/codeql/python/codeql-extractor.yml.
[2025-12-01 07:39:39] [DETAILS] resolve languages> Parsing /home/dso501/tools/codeql/csharp/codeql-extractor.yml.
[2025-12-01 07:39:39] [DETAILS] resolve languages> Parsing /home/dso501/tools/codeql/go/codeql-extractor.yml.
[2025-12-01 07:39:39] [DETAILS] resolve languages> Parsing /home/dso501/tools/codeql/xml/codeql-extractor.yml.
[2025-12-01 07:39:39] [DETAILS] resolve languages> Parsing /home/dso501/tools/codeql/java/codeql-extractor.yml.
[2025-12-01 07:39:39] Plumbing command codeql resolve languages completed:
                      {
                        "aliases" : {
                          "c" : "cpp",
                          "c++" : "cpp",
                          "c-c++" : "cpp",
                          "c-cpp" : "cpp",
                          "c#" : "csharp",
                          "java-kotlin" : "java",
                          "kotlin" : "java",
                          "javascript-typescript" : "javascript",
                          "typescript" : "javascript"
                        },
                        "extractors" : {
                          "yaml" : [
                            {
                              "extractor_root" : "/home/dso501/tools/codeql/yaml"
                            }
                          ],
                          "javascript" : [
                            {
                              "extractor_root" : "/home/dso501/tools/codeql/javascript",
                              "extractor_options" : {
                                "skip_types" : {
                                  "title" : "Skip type extraction for TypeScript",
                                  "description" : "Whether to skip the extraction of types in a TypeScript application",
                                  "type" : "string",
                                  "pattern" : "^(false|true)$"
                                }
                              }
                            }
                          ],
                          "csv" : [
                            {
                              "extractor_root" : "/home/dso501/tools/codeql/csv"
                            }
                          ],
                          "cpp" : [
                            {
                              "extractor_root" : "/home/dso501/tools/codeql/cpp",
                              "extractor_options" : { }
                            }
                          ],
                          "swift" : [
                            {
                              "extractor_root" : "/home/dso501/tools/codeql/swift"
                            }
                          ],
                          "properties" : [
                            {
                              "extractor_root" : "/home/dso501/tools/codeql/properties"
                            }
                          ],
                          "ruby" : [
                            {
                              "extractor_root" : "/home/dso501/tools/codeql/ruby",
                              "extractor_options" : {
                                "trap" : {
                                  "title" : "Options pertaining to TRAP.",
                                  "description" : "Options pertaining to TRAP.",
                                  "type" : "object",
                                  "properties" : {
                                    "compression" : {
                                      "title" : "Controls compression for the TRAP files written by the extractor.",
                                      "description" : "This option is only intended for use in debugging the extractor. Accepted values are 'gzip' (the default, to write gzip-compressed TRAP) and 'none' (to write uncompressed TRAP).\n",
                                      "type" : "string",
                                      "pattern" : "^(none|gzip)$"
                                    }
                                  }
                                }
                              }
                            }
                          ],
                          "html" : [
                            {
                              "extractor_root" : "/home/dso501/tools/codeql/html"
                            }
                          ],
                          "python" : [
                            {
                              "extractor_root" : "/home/dso501/tools/codeql/python",
                              "extractor_options" : {
                                "logging" : {
                                  "title" : "Options pertaining to logging.",
                                  "description" : "Options pertaining to logging.",
                                  "type" : "object",
                                  "properties" : {
                                    "verbosity" : {
                                      "title" : "Python extractor logging verbosity level.",
                                      "description" : "Controls the level of verbosity of the CodeQL Python extractor.\nThe supported levels are (in order of increasing verbosity):\n\n  - off\n  - errors\n  - warnings\n  - info or progress\n  - debug or progress+\n  - trace or progress++\n  - progress+++\n",
                                      "type" : "string",
                                      "pattern" : "^(off|errors|warnings|(info|progress)|(debug|progress\\+)|(trace|progress\\+\\+)|progress\\+\\+\\+)$"
                                    }
                                  }
                                }
                              }
                            }
                          ],
                          "csharp" : [
                            {
                              "extractor_root" : "/home/dso501/tools/codeql/csharp",
                              "extractor_options" : {
                                "trap" : {
                                  "title" : "Options pertaining to TRAP.",
                                  "description" : "Options pertaining to TRAP.",
                                  "type" : "object",
                                  "properties" : {
                                    "compression" : {
                                      "title" : "Controls compression for the TRAP files written by the extractor.",
                                      "description" : "This option is only intended for use in debugging the extractor. Accepted values are 'brotli' (the default, to write brotli-compressed TRAP), 'gzip', and 'none' (to write uncompressed TRAP).\n",
                                      "type" : "string",
                                      "pattern" : "^(none|gzip|brotli)$"
                                    }
                                  }
                                },
                                "buildless" : {
                                  "title" : "Whether to use buildless (standalone) extraction.",
                                  "description" : "A value indicating, which type of extraction the autobuilder should perform. If 'true', then the standalone extractor will be used, otherwise tracing extraction will be performed. The default is 'false'. Note that buildless extraction will generally yield less accurate analysis results, and should only be used in cases where it is not possible to build the code (for example if it uses inaccessible dependencies).\n",
                                  "type" : "string",
                                  "pattern" : "^(false|true)$"
                                },
                                "cil" : {
                                  "title" : "Whether to enable CIL extraction.",
                                  "description" : "A value indicating, whether CIL extraction should be enabled. The default is 'true'.\n",
                                  "type" : "string",
                                  "pattern" : "^(false|true)$"
                                }
                              }
                            }
                          ],
                          "go" : [
                            {
                              "extractor_root" : "/home/dso501/tools/codeql/go"
                            }
                          ],
                          "xml" : [
                            {
                              "extractor_root" : "/home/dso501/tools/codeql/xml"
                            }
                          ],
                          "java" : [
                            {
                              "extractor_root" : "/home/dso501/tools/codeql/java",
                              "extractor_options" : {
                                "exclude" : {
                                  "title" : "A glob excluding files from analysis.",
                                  "description" : "A glob indicating what files to exclude from the analysis.\n",
                                  "type" : "string"
                                },
                                "add_prefer_source" : {
                                  "title" : "Whether to always prefer source files over class files.",
                                  "description" : "A value indicating whether source files should be preferred over class files. If set to 'true', the extraction adds '-Xprefer:source' to the javac command line. If set to 'false', the extraction uses the default javac behavior ('-Xprefer:newer'). The default is 'true'.\n",
                                  "type" : "string",
                                  "pattern" : "^(false|true)$"
                                },
                                "buildless" : {
                                  "title" : "Whether to use buildless (standalone) extraction (experimental).",
                                  "description" : "A value indicating, which type of extraction the autobuilder should perform. If 'true', then the standalone extractor will be used, otherwise tracing extraction will be performed. The default is 'false'. Note that buildless extraction will generally yield less accurate analysis results, and should only be used in cases where it is not possible to build the code (for example if it uses inaccessible dependencies).\n",
                                  "type" : "string",
                                  "pattern" : "^(false|true)$"
                                }
                              }
                            }
                          ]
                        }
                      }
[2025-12-01 07:39:39] [PROGRESS] database init> Calculating baseline information in /home/dso501/Sistem-Bioskop/front-end
[2025-12-01 07:39:39] [SPAMMY] database init> Ignoring the following directories when processing baseline information: .git, .hg, .svn.
[2025-12-01 07:39:39] [DETAILS] database init> Running command in /home/dso501/Sistem-Bioskop/front-end: /home/dso501/tools/codeql/tools/linux64/scc --by-file --exclude-dir .git,.hg,.svn --format json --no-large --no-min .
[2025-12-01 07:39:40] Using configure-baseline script /home/dso501/tools/codeql/javascript/tools/configure-baseline.sh.
[2025-12-01 07:39:40] [PROGRESS] database init> Running command in /home/dso501/Sistem-Bioskop/front-end: [/home/dso501/tools/codeql/javascript/tools/configure-baseline.sh]
[2025-12-01 07:39:40] [SPAMMY] database init> Found 34 baseline files for javascript.
[2025-12-01 07:39:40] [PROGRESS] database init> Calculated baseline information for languages: javascript (115ms).
[2025-12-01 07:39:40] [PROGRESS] database init> Resolving extractor javascript.
[2025-12-01 07:39:40] [DETAILS] database init> Found candidate extractor root for javascript: /home/dso501/tools/codeql/javascript.
[2025-12-01 07:39:40] [PROGRESS] database init> Successfully loaded extractor JavaScript/TypeScript (javascript) from /home/dso501/tools/codeql/javascript.
[2025-12-01 07:39:40] [PROGRESS] database init> Created skeleton CodeQL database at /home/dso501/Sistem-Bioskop/codeql-db-js. This in-progress database is ready to be populated by an extractor.
[2025-12-01 07:39:40] Plumbing command codeql database init completed.
[2025-12-01 07:39:40] [PROGRESS] database create> Running build command: []
[2025-12-01 07:39:40] Running plumbing command: codeql database trace-command --working-dir=/home/dso501/Sistem-Bioskop/front-end --index-traceless-dbs --no-db-cluster -- /home/dso501/Sistem-Bioskop/codeql-db-js
[2025-12-01 07:39:40] Using autobuild script /home/dso501/tools/codeql/javascript/tools/autobuild.sh.
[2025-12-01 07:39:40] [PROGRESS] database trace-command> Running command in /home/dso501/Sistem-Bioskop/front-end: [/home/dso501/tools/codeql/javascript/tools/autobuild.sh]
[2025-12-01 07:39:40] [build-stdout] Single-threaded extraction.
[2025-12-01 07:39:40] [build-stdout] package.json: Main file not found
[2025-12-01 07:39:40] [build-stdout] Extracting /home/dso501/Sistem-Bioskop/front-end/index.html
[2025-12-01 07:39:40] [build-stdout] Done extracting /home/dso501/Sistem-Bioskop/front-end/index.html (66 ms)
[2025-12-01 07:39:40] [build-stderr] Could not start Node.js. It is required for TypeScript extraction.
[2025-12-01 07:39:40] [build-stderr] Please install Node.js and ensure 'node' is on the PATH.
[2025-12-01 07:39:40] [build-stderr] 	at com.semmle.ts.extractor.TypeScriptParser.startNodeAndGetVersion(TypeScriptParser.java:256)
[2025-12-01 07:39:40] [build-stderr] 	at com.semmle.ts.extractor.TypeScriptParser.verifyNodeInstallation(TypeScriptParser.java:217)
[2025-12-01 07:39:40] [build-stderr] 	at com.semmle.ts.extractor.TypeScriptParser.verifyInstallation(TypeScriptParser.java:178)
[2025-12-01 07:39:40] [build-stderr] 	at com.semmle.js.extractor.AutoBuild.verifyTypeScriptInstallation(AutoBuild.java:1167)
[2025-12-01 07:39:40] [build-stderr] 	at com.semmle.js.extractor.AutoBuild.extractTypeScript(AutoBuild.java:1021)
[2025-12-01 07:39:40] [build-stderr] 	at com.semmle.js.extractor.AutoBuild.extractSource(AutoBuild.java:755)
[2025-12-01 07:39:40] [build-stderr] 	at com.semmle.js.extractor.AutoBuild.run(AutoBuild.java:462)
[2025-12-01 07:39:40] [build-stderr] 	at com.semmle.js.extractor.AutoBuild.main(AutoBuild.java:1352)
[2025-12-01 07:39:40] [ERROR] Spawned process exited abnormally (code 1; tried to run: [/home/dso501/tools/codeql/javascript/tools/autobuild.sh])
[2025-12-01 07:39:40] Exception caught at top level: Exit status 1 from command: [/home/dso501/tools/codeql/javascript/tools/autobuild.sh]
                      com.semmle.cli2.Commandline.executeAndCheckResult(Commandline.java:170)
                      com.semmle.cli2.Commandline.runWithoutReturn(Commandline.java:123)
                      com.semmle.cli2.database.DatabaseProcessCommandCommon.executeSubcommand(DatabaseProcessCommandCommon.java:226)
                      com.semmle.cli2.database.TraceCommandCommand.executeSubcommand(TraceCommandCommand.java:110)
                      com.semmle.cli2.picocli.SubcommandCommon.lambda$executeSubcommandWithMessages$5(SubcommandCommon.java:803)
                      com.semmle.cli2.picocli.SubcommandCommon.withCompilationMessages(SubcommandCommon.java:442)
                      com.semmle.cli2.picocli.SubcommandCommon.executeSubcommandWithMessages(SubcommandCommon.java:801)
                      com.semmle.cli2.picocli.PlumbingRunner.run(PlumbingRunner.java:119)
                      com.semmle.cli2.picocli.SubcommandCommon.runPlumbingInProcess(SubcommandCommon.java:199)
                      com.semmle.cli2.database.CreateCommand.executeSubcommand(CreateCommand.java:180)
                      com.semmle.cli2.picocli.SubcommandCommon.lambda$executeSubcommandWithMessages$5(SubcommandCommon.java:803)
                      com.semmle.cli2.picocli.SubcommandCommon.withCompilationMessages(SubcommandCommon.java:442)
                      com.semmle.cli2.picocli.SubcommandCommon.executeSubcommandWithMessages(SubcommandCommon.java:801)
                      com.semmle.cli2.picocli.SubcommandCommon.toplevelMain(SubcommandCommon.java:685)
                      com.semmle.cli2.picocli.SubcommandCommon.call(SubcommandCommon.java:666)
                      com.semmle.cli2.picocli.SubcommandMaker.runMain(SubcommandMaker.java:237)
                      com.semmle.cli2.picocli.SubcommandMaker.runMain(SubcommandMaker.java:247)
                      com.semmle.cli2.CodeQL.main(CodeQL.java:115)
